  [1m[35m (11458.5ms)[0m  [1m[35mCREATE DATABASE "date-night-backend_development" ENCODING = 'unicode'[0m
  ↳ /Users/johnhill/.rvm/rubies/ruby-2.6.1/lib/ruby/gems/2.6.0/gems/rake-12.3.2/lib/rake/task.rb:273
  [1m[35m (1133.5ms)[0m  [1m[35mCREATE DATABASE "date-night-backend_test" ENCODING = 'unicode'[0m
  ↳ /Users/johnhill/.rvm/rubies/ruby-2.6.1/lib/ruby/gems/2.6.0/gems/rake-12.3.2/lib/rake/task.rb:273
  [1m[35m (2266.7ms)[0m  [1m[35mCREATE TABLE "schema_migrations" ("version" character varying NOT NULL PRIMARY KEY)[0m
  ↳ /Users/johnhill/.rvm/rubies/ruby-2.6.1/lib/ruby/gems/2.6.0/gems/rake-12.3.2/lib/rake/task.rb:273
  [1m[35m (57.1ms)[0m  [1m[35mCREATE TABLE "ar_internal_metadata" ("key" character varying NOT NULL PRIMARY KEY, "value" character varying, "created_at" timestamp NOT NULL, "updated_at" timestamp NOT NULL)[0m
  ↳ /Users/johnhill/.rvm/rubies/ruby-2.6.1/lib/ruby/gems/2.6.0/gems/rake-12.3.2/lib/rake/task.rb:273
  [1m[35m (8.2ms)[0m  [1m[34mSELECT pg_try_advisory_lock(872311076106422505)[0m
  ↳ /Users/johnhill/.rvm/rubies/ruby-2.6.1/lib/ruby/gems/2.6.0/gems/rake-12.3.2/lib/rake/task.rb:273
  [1m[35m (53.5ms)[0m  [1m[34mSELECT "schema_migrations"."version" FROM "schema_migrations" ORDER BY "schema_migrations"."version" ASC[0m
  ↳ /Users/johnhill/.rvm/rubies/ruby-2.6.1/lib/ruby/gems/2.6.0/gems/rake-12.3.2/lib/rake/task.rb:273
Migrating to CreateUsers (20190716150309)
  [1m[35m (50.2ms)[0m  [1m[35mBEGIN[0m
  ↳ /Users/johnhill/.rvm/rubies/ruby-2.6.1/lib/ruby/gems/2.6.0/gems/rake-12.3.2/lib/rake/task.rb:273
  [1m[35m (343.6ms)[0m  [1m[35mCREATE TABLE "users" ("id" bigserial primary key, "name" character varying, "username" character varying, "password_digest" character varying, "phone_number" integer, "email" character varying, "significant_other_phone" integer, "created_at" timestamp NOT NULL, "updated_at" timestamp NOT NULL)[0m
  ↳ db/migrate/20190716150309_create_users.rb:3
  [1m[36mActiveRecord::SchemaMigration Create (65.1ms)[0m  [1m[32mINSERT INTO "schema_migrations" ("version") VALUES ($1) RETURNING "version"[0m  [["version", "20190716150309"]]
  ↳ /Users/johnhill/.rvm/rubies/ruby-2.6.1/lib/ruby/gems/2.6.0/gems/rake-12.3.2/lib/rake/task.rb:273
  [1m[35m (31.5ms)[0m  [1m[35mCOMMIT[0m
  ↳ /Users/johnhill/.rvm/rubies/ruby-2.6.1/lib/ruby/gems/2.6.0/gems/rake-12.3.2/lib/rake/task.rb:273
Migrating to CreateRendezvous (20190716150826)
  [1m[35m (0.4ms)[0m  [1m[35mBEGIN[0m
  ↳ /Users/johnhill/.rvm/rubies/ruby-2.6.1/lib/ruby/gems/2.6.0/gems/rake-12.3.2/lib/rake/task.rb:273
  [1m[35m (41.4ms)[0m  [1m[35mCREATE TABLE "rendezvous" ("id" bigserial primary key, "date" timestamp, "time" integer, "location" character varying, "user_id" integer, "clothing_options_id" integer, "date_type_id" integer, "created_at" timestamp NOT NULL, "updated_at" timestamp NOT NULL)[0m
  ↳ db/migrate/20190716150826_create_rendezvous.rb:3
  [1m[36mActiveRecord::SchemaMigration Create (2.3ms)[0m  [1m[32mINSERT INTO "schema_migrations" ("version") VALUES ($1) RETURNING "version"[0m  [["version", "20190716150826"]]
  ↳ /Users/johnhill/.rvm/rubies/ruby-2.6.1/lib/ruby/gems/2.6.0/gems/rake-12.3.2/lib/rake/task.rb:273
  [1m[35m (0.8ms)[0m  [1m[35mCOMMIT[0m
  ↳ /Users/johnhill/.rvm/rubies/ruby-2.6.1/lib/ruby/gems/2.6.0/gems/rake-12.3.2/lib/rake/task.rb:273
Migrating to CreateAttires (20190716150941)
  [1m[35m (0.5ms)[0m  [1m[35mBEGIN[0m
  ↳ /Users/johnhill/.rvm/rubies/ruby-2.6.1/lib/ruby/gems/2.6.0/gems/rake-12.3.2/lib/rake/task.rb:273
  [1m[35m (47.2ms)[0m  [1m[35mCREATE TABLE "attires" ("id" bigserial primary key, "name" character varying, "created_at" timestamp NOT NULL, "updated_at" timestamp NOT NULL)[0m
  ↳ db/migrate/20190716150941_create_attires.rb:3
  [1m[36mActiveRecord::SchemaMigration Create (0.5ms)[0m  [1m[32mINSERT INTO "schema_migrations" ("version") VALUES ($1) RETURNING "version"[0m  [["version", "20190716150941"]]
  ↳ /Users/johnhill/.rvm/rubies/ruby-2.6.1/lib/ruby/gems/2.6.0/gems/rake-12.3.2/lib/rake/task.rb:273
  [1m[35m (0.7ms)[0m  [1m[35mCOMMIT[0m
  ↳ /Users/johnhill/.rvm/rubies/ruby-2.6.1/lib/ruby/gems/2.6.0/gems/rake-12.3.2/lib/rake/task.rb:273
Migrating to CreateSignificantOthers (20190716151112)
  [1m[35m (39.7ms)[0m  [1m[35mBEGIN[0m
  ↳ /Users/johnhill/.rvm/rubies/ruby-2.6.1/lib/ruby/gems/2.6.0/gems/rake-12.3.2/lib/rake/task.rb:273
  [1m[35m (5.5ms)[0m  [1m[35mCREATE TABLE "significant_others" ("id" bigserial primary key, "user_id" integer, "created_at" timestamp NOT NULL, "updated_at" timestamp NOT NULL)[0m
  ↳ db/migrate/20190716151112_create_significant_others.rb:3
  [1m[36mActiveRecord::SchemaMigration Create (0.5ms)[0m  [1m[32mINSERT INTO "schema_migrations" ("version") VALUES ($1) RETURNING "version"[0m  [["version", "20190716151112"]]
  ↳ /Users/johnhill/.rvm/rubies/ruby-2.6.1/lib/ruby/gems/2.6.0/gems/rake-12.3.2/lib/rake/task.rb:273
  [1m[35m (16.6ms)[0m  [1m[35mCOMMIT[0m
  ↳ /Users/johnhill/.rvm/rubies/ruby-2.6.1/lib/ruby/gems/2.6.0/gems/rake-12.3.2/lib/rake/task.rb:273
Migrating to CreateRendezvousTypes (20190716151133)
  [1m[35m (46.8ms)[0m  [1m[35mBEGIN[0m
  ↳ /Users/johnhill/.rvm/rubies/ruby-2.6.1/lib/ruby/gems/2.6.0/gems/rake-12.3.2/lib/rake/task.rb:273
  [1m[35m (77.3ms)[0m  [1m[35mCREATE TABLE "rendezvous_types" ("id" bigserial primary key, "name" character varying, "created_at" timestamp NOT NULL, "updated_at" timestamp NOT NULL)[0m
  ↳ db/migrate/20190716151133_create_rendezvous_types.rb:3
  [1m[36mActiveRecord::SchemaMigration Create (0.7ms)[0m  [1m[32mINSERT INTO "schema_migrations" ("version") VALUES ($1) RETURNING "version"[0m  [["version", "20190716151133"]]
  ↳ /Users/johnhill/.rvm/rubies/ruby-2.6.1/lib/ruby/gems/2.6.0/gems/rake-12.3.2/lib/rake/task.rb:273
  [1m[35m (0.8ms)[0m  [1m[35mCOMMIT[0m
  ↳ /Users/johnhill/.rvm/rubies/ruby-2.6.1/lib/ruby/gems/2.6.0/gems/rake-12.3.2/lib/rake/task.rb:273
  [1m[36mActiveRecord::InternalMetadata Load (0.9ms)[0m  [1m[34mSELECT  "ar_internal_metadata".* FROM "ar_internal_metadata" WHERE "ar_internal_metadata"."key" = $1 LIMIT $2[0m  [["key", "environment"], ["LIMIT", 1]]
  ↳ /Users/johnhill/.rvm/rubies/ruby-2.6.1/lib/ruby/gems/2.6.0/gems/rake-12.3.2/lib/rake/task.rb:273
  [1m[35m (0.2ms)[0m  [1m[35mBEGIN[0m
  ↳ /Users/johnhill/.rvm/rubies/ruby-2.6.1/lib/ruby/gems/2.6.0/gems/rake-12.3.2/lib/rake/task.rb:273
  [1m[36mActiveRecord::InternalMetadata Create (61.8ms)[0m  [1m[32mINSERT INTO "ar_internal_metadata" ("key", "value", "created_at", "updated_at") VALUES ($1, $2, $3, $4) RETURNING "key"[0m  [["key", "environment"], ["value", "development"], ["created_at", "2019-07-16 15:51:00.772212"], ["updated_at", "2019-07-16 15:51:00.772212"]]
  ↳ /Users/johnhill/.rvm/rubies/ruby-2.6.1/lib/ruby/gems/2.6.0/gems/rake-12.3.2/lib/rake/task.rb:273
  [1m[35m (0.5ms)[0m  [1m[35mCOMMIT[0m
  ↳ /Users/johnhill/.rvm/rubies/ruby-2.6.1/lib/ruby/gems/2.6.0/gems/rake-12.3.2/lib/rake/task.rb:273
  [1m[35m (0.4ms)[0m  [1m[34mSELECT pg_advisory_unlock(872311076106422505)[0m
  ↳ /Users/johnhill/.rvm/rubies/ruby-2.6.1/lib/ruby/gems/2.6.0/gems/rake-12.3.2/lib/rake/task.rb:273
  [1m[35m (44.2ms)[0m  [1m[34mSELECT "schema_migrations"."version" FROM "schema_migrations" ORDER BY "schema_migrations"."version" ASC[0m
  ↳ /Users/johnhill/.rvm/rubies/ruby-2.6.1/lib/ruby/gems/2.6.0/gems/rake-12.3.2/lib/rake/task.rb:273
  [1m[35m (1.4ms)[0m  [1m[34mSELECT "schema_migrations"."version" FROM "schema_migrations" ORDER BY "schema_migrations"."version" ASC[0m
  ↳ /Users/johnhill/.rvm/rubies/ruby-2.6.1/lib/ruby/gems/2.6.0/gems/rake-12.3.2/lib/rake/task.rb:273
  [1m[35m (0.2ms)[0m  [1m[35mBEGIN[0m
  ↳ db/seeds.rb:1
  [1m[36mAttire Create (27.4ms)[0m  [1m[32mINSERT INTO "attires" ("name", "created_at", "updated_at") VALUES ($1, $2, $3) RETURNING "id"[0m  [["name", "Formal"], ["created_at", "2019-07-16 18:29:57.948998"], ["updated_at", "2019-07-16 18:29:57.948998"]]
  ↳ db/seeds.rb:1
  [1m[35m (1.4ms)[0m  [1m[35mCOMMIT[0m
  ↳ db/seeds.rb:1
  [1m[35m (0.4ms)[0m  [1m[35mBEGIN[0m
  ↳ db/seeds.rb:2
  [1m[36mAttire Create (0.5ms)[0m  [1m[32mINSERT INTO "attires" ("name", "created_at", "updated_at") VALUES ($1, $2, $3) RETURNING "id"[0m  [["name", "Semi-Formal"], ["created_at", "2019-07-16 18:29:57.985138"], ["updated_at", "2019-07-16 18:29:57.985138"]]
  ↳ db/seeds.rb:2
  [1m[35m (20.0ms)[0m  [1m[35mCOMMIT[0m
  ↳ db/seeds.rb:2
  [1m[35m (0.2ms)[0m  [1m[35mBEGIN[0m
  ↳ db/seeds.rb:3
  [1m[36mAttire Create (0.6ms)[0m  [1m[32mINSERT INTO "attires" ("name", "created_at", "updated_at") VALUES ($1, $2, $3) RETURNING "id"[0m  [["name", "Swimwear"], ["created_at", "2019-07-16 18:29:58.009343"], ["updated_at", "2019-07-16 18:29:58.009343"]]
  ↳ db/seeds.rb:3
  [1m[35m (2.5ms)[0m  [1m[35mCOMMIT[0m
  ↳ db/seeds.rb:3
  [1m[35m (0.7ms)[0m  [1m[35mBEGIN[0m
  ↳ db/seeds.rb:4
  [1m[36mAttire Create (0.5ms)[0m  [1m[32mINSERT INTO "attires" ("name", "created_at", "updated_at") VALUES ($1, $2, $3) RETURNING "id"[0m  [["name", "Outdoor Clothes"], ["created_at", "2019-07-16 18:29:58.016761"], ["updated_at", "2019-07-16 18:29:58.016761"]]
  ↳ db/seeds.rb:4
  [1m[35m (14.0ms)[0m  [1m[35mCOMMIT[0m
  ↳ db/seeds.rb:4
  [1m[35m (0.2ms)[0m  [1m[35mBEGIN[0m
  ↳ db/seeds.rb:5
  [1m[36mAttire Create (0.5ms)[0m  [1m[32mINSERT INTO "attires" ("name", "created_at", "updated_at") VALUES ($1, $2, $3) RETURNING "id"[0m  [["name", "Something Comfortable"], ["created_at", "2019-07-16 18:29:58.035156"], ["updated_at", "2019-07-16 18:29:58.035156"]]
  ↳ db/seeds.rb:5
  [1m[35m (14.6ms)[0m  [1m[35mCOMMIT[0m
  ↳ db/seeds.rb:5
  [1m[35m (0.2ms)[0m  [1m[35mBEGIN[0m
  ↳ db/seeds.rb:6
  [1m[36mAttire Create (0.5ms)[0m  [1m[32mINSERT INTO "attires" ("name", "created_at", "updated_at") VALUES ($1, $2, $3) RETURNING "id"[0m  [["name", "Running/Exercise Clothes"], ["created_at", "2019-07-16 18:29:58.052638"], ["updated_at", "2019-07-16 18:29:58.052638"]]
  ↳ db/seeds.rb:6
  [1m[35m (6.2ms)[0m  [1m[35mCOMMIT[0m
  ↳ db/seeds.rb:6
  [1m[35m (0.3ms)[0m  [1m[35mBEGIN[0m
  ↳ db/seeds.rb:7
  [1m[36mAttire Create (0.6ms)[0m  [1m[32mINSERT INTO "attires" ("name", "created_at", "updated_at") VALUES ($1, $2, $3) RETURNING "id"[0m  [["name", "Overnight Clothes"], ["created_at", "2019-07-16 18:29:58.061678"], ["updated_at", "2019-07-16 18:29:58.061678"]]
  ↳ db/seeds.rb:7
  [1m[35m (3.0ms)[0m  [1m[35mCOMMIT[0m
  ↳ db/seeds.rb:7
  [1m[35m (0.3ms)[0m  [1m[35mBEGIN[0m
  ↳ db/seeds.rb:8
  [1m[36mAttire Create (0.6ms)[0m  [1m[32mINSERT INTO "attires" ("name", "created_at", "updated_at") VALUES ($1, $2, $3) RETURNING "id"[0m  [["name", "Multiple Outfits"], ["created_at", "2019-07-16 18:29:58.068376"], ["updated_at", "2019-07-16 18:29:58.068376"]]
  ↳ db/seeds.rb:8
  [1m[35m (0.6ms)[0m  [1m[35mCOMMIT[0m
  ↳ db/seeds.rb:8
  [1m[35m (0.2ms)[0m  [1m[35mBEGIN[0m
  ↳ db/seeds.rb:9
  [1m[36mAttire Create (0.5ms)[0m  [1m[32mINSERT INTO "attires" ("name", "created_at", "updated_at") VALUES ($1, $2, $3) RETURNING "id"[0m  [["name", "Casual"], ["created_at", "2019-07-16 18:29:58.073381"], ["updated_at", "2019-07-16 18:29:58.073381"]]
  ↳ db/seeds.rb:9
  [1m[35m (0.8ms)[0m  [1m[35mCOMMIT[0m
  ↳ db/seeds.rb:9
  [1m[35m (0.2ms)[0m  [1m[35mBEGIN[0m
  ↳ db/seeds.rb:10
  [1m[36mAttire Create (0.5ms)[0m  [1m[32mINSERT INTO "attires" ("name", "created_at", "updated_at") VALUES ($1, $2, $3) RETURNING "id"[0m  [["name", "Something Attractive"], ["created_at", "2019-07-16 18:29:58.077793"], ["updated_at", "2019-07-16 18:29:58.077793"]]
  ↳ db/seeds.rb:10
  [1m[35m (3.8ms)[0m  [1m[35mCOMMIT[0m
  ↳ db/seeds.rb:10
  [1m[35m (0.2ms)[0m  [1m[35mBEGIN[0m
  ↳ db/seeds.rb:11
  [1m[36mAttire Create (0.6ms)[0m  [1m[32mINSERT INTO "attires" ("name", "created_at", "updated_at") VALUES ($1, $2, $3) RETURNING "id"[0m  [["name", "Cosplay"], ["created_at", "2019-07-16 18:29:58.085692"], ["updated_at", "2019-07-16 18:29:58.085692"]]
  ↳ db/seeds.rb:11
  [1m[35m (1.9ms)[0m  [1m[35mCOMMIT[0m
  ↳ db/seeds.rb:11
  [1m[35m (1.8ms)[0m  [1m[34mSELECT "schema_migrations"."version" FROM "schema_migrations" ORDER BY "schema_migrations"."version" ASC[0m
  ↳ /Users/johnhill/.rvm/rubies/ruby-2.6.1/lib/ruby/gems/2.6.0/gems/rake-12.3.2/lib/rake/task.rb:273
  [1m[36mAttire Destroy (322.0ms)[0m  [1m[31mDELETE FROM "attires"[0m
  ↳ db/seeds.rb:1
  [1m[35m (1.2ms)[0m  [1m[34mSELECT "schema_migrations"."version" FROM "schema_migrations" ORDER BY "schema_migrations"."version" ASC[0m
  ↳ /Users/johnhill/.rvm/rubies/ruby-2.6.1/lib/ruby/gems/2.6.0/gems/rake-12.3.2/lib/rake/task.rb:273
  [1m[36mAttire Destroy (0.8ms)[0m  [1m[31mDELETE FROM "attires"[0m
  ↳ db/seeds.rb:1
  [1m[35m (1.8ms)[0m  [1m[34mSELECT "schema_migrations"."version" FROM "schema_migrations" ORDER BY "schema_migrations"."version" ASC[0m
  ↳ /Users/johnhill/.rvm/rubies/ruby-2.6.1/lib/ruby/gems/2.6.0/gems/rake-12.3.2/lib/rake/task.rb:273
  [1m[36mAttire Destroy (1.1ms)[0m  [1m[31mDELETE FROM "attires"[0m
  ↳ db/seeds.rb:1
  [1m[36mRendezvousType Destroy (84.6ms)[0m  [1m[31mDELETE FROM "rendezvous_types"[0m
  ↳ db/seeds.rb:2
  [1m[35m (0.3ms)[0m  [1m[35mBEGIN[0m
  ↳ db/seeds.rb:5
  [1m[36mAttire Create (0.9ms)[0m  [1m[32mINSERT INTO "attires" ("name", "created_at", "updated_at") VALUES ($1, $2, $3) RETURNING "id"[0m  [["name", "Formal"], ["created_at", "2019-07-16 18:44:53.729336"], ["updated_at", "2019-07-16 18:44:53.729336"]]
  ↳ db/seeds.rb:5
  [1m[35m (0.6ms)[0m  [1m[35mCOMMIT[0m
  ↳ db/seeds.rb:5
  [1m[35m (0.2ms)[0m  [1m[35mBEGIN[0m
  ↳ db/seeds.rb:6
  [1m[36mAttire Create (0.8ms)[0m  [1m[32mINSERT INTO "attires" ("name", "created_at", "updated_at") VALUES ($1, $2, $3) RETURNING "id"[0m  [["name", "Semi-Formal"], ["created_at", "2019-07-16 18:44:53.733353"], ["updated_at", "2019-07-16 18:44:53.733353"]]
  ↳ db/seeds.rb:6
  [1m[35m (0.5ms)[0m  [1m[35mCOMMIT[0m
  ↳ db/seeds.rb:6
  [1m[35m (0.2ms)[0m  [1m[35mBEGIN[0m
  ↳ db/seeds.rb:7
  [1m[36mAttire Create (0.5ms)[0m  [1m[32mINSERT INTO "attires" ("name", "created_at", "updated_at") VALUES ($1, $2, $3) RETURNING "id"[0m  [["name", "Swimwear"], ["created_at", "2019-07-16 18:44:53.736691"], ["updated_at", "2019-07-16 18:44:53.736691"]]
  ↳ db/seeds.rb:7
  [1m[35m (0.5ms)[0m  [1m[35mCOMMIT[0m
  ↳ db/seeds.rb:7
  [1m[35m (0.2ms)[0m  [1m[35mBEGIN[0m
  ↳ db/seeds.rb:8
  [1m[36mAttire Create (0.5ms)[0m  [1m[32mINSERT INTO "attires" ("name", "created_at", "updated_at") VALUES ($1, $2, $3) RETURNING "id"[0m  [["name", "Outdoor Clothes"], ["created_at", "2019-07-16 18:44:53.739786"], ["updated_at", "2019-07-16 18:44:53.739786"]]
  ↳ db/seeds.rb:8
  [1m[35m (0.5ms)[0m  [1m[35mCOMMIT[0m
  ↳ db/seeds.rb:8
  [1m[35m (0.2ms)[0m  [1m[35mBEGIN[0m
  ↳ db/seeds.rb:9
  [1m[36mAttire Create (0.5ms)[0m  [1m[32mINSERT INTO "attires" ("name", "created_at", "updated_at") VALUES ($1, $2, $3) RETURNING "id"[0m  [["name", "Something Comfortable"], ["created_at", "2019-07-16 18:44:53.742957"], ["updated_at", "2019-07-16 18:44:53.742957"]]
  ↳ db/seeds.rb:9
  [1m[35m (0.5ms)[0m  [1m[35mCOMMIT[0m
  ↳ db/seeds.rb:9
  [1m[35m (0.2ms)[0m  [1m[35mBEGIN[0m
  ↳ db/seeds.rb:10
  [1m[36mAttire Create (0.5ms)[0m  [1m[32mINSERT INTO "attires" ("name", "created_at", "updated_at") VALUES ($1, $2, $3) RETURNING "id"[0m  [["name", "Running/Exercise Clothes"], ["created_at", "2019-07-16 18:44:53.746061"], ["updated_at", "2019-07-16 18:44:53.746061"]]
  ↳ db/seeds.rb:10
  [1m[35m (0.4ms)[0m  [1m[35mCOMMIT[0m
  ↳ db/seeds.rb:10
  [1m[35m (0.2ms)[0m  [1m[35mBEGIN[0m
  ↳ db/seeds.rb:11
  [1m[36mAttire Create (0.5ms)[0m  [1m[32mINSERT INTO "attires" ("name", "created_at", "updated_at") VALUES ($1, $2, $3) RETURNING "id"[0m  [["name", "Overnight Clothes"], ["created_at", "2019-07-16 18:44:53.748991"], ["updated_at", "2019-07-16 18:44:53.748991"]]
  ↳ db/seeds.rb:11
  [1m[35m (0.4ms)[0m  [1m[35mCOMMIT[0m
  ↳ db/seeds.rb:11
  [1m[35m (0.2ms)[0m  [1m[35mBEGIN[0m
  ↳ db/seeds.rb:12
  [1m[36mAttire Create (0.5ms)[0m  [1m[32mINSERT INTO "attires" ("name", "created_at", "updated_at") VALUES ($1, $2, $3) RETURNING "id"[0m  [["name", "Multiple Outfits"], ["created_at", "2019-07-16 18:44:53.752059"], ["updated_at", "2019-07-16 18:44:53.752059"]]
  ↳ db/seeds.rb:12
  [1m[35m (0.5ms)[0m  [1m[35mCOMMIT[0m
  ↳ db/seeds.rb:12
  [1m[35m (0.2ms)[0m  [1m[35mBEGIN[0m
  ↳ db/seeds.rb:13
  [1m[36mAttire Create (0.6ms)[0m  [1m[32mINSERT INTO "attires" ("name", "created_at", "updated_at") VALUES ($1, $2, $3) RETURNING "id"[0m  [["name", "Casual"], ["created_at", "2019-07-16 18:44:53.754979"], ["updated_at", "2019-07-16 18:44:53.754979"]]
  ↳ db/seeds.rb:13
  [1m[35m (0.4ms)[0m  [1m[35mCOMMIT[0m
  ↳ db/seeds.rb:13
  [1m[35m (0.2ms)[0m  [1m[35mBEGIN[0m
  ↳ db/seeds.rb:14
  [1m[36mAttire Create (0.5ms)[0m  [1m[32mINSERT INTO "attires" ("name", "created_at", "updated_at") VALUES ($1, $2, $3) RETURNING "id"[0m  [["name", "Something Attractive"], ["created_at", "2019-07-16 18:44:53.758061"], ["updated_at", "2019-07-16 18:44:53.758061"]]
  ↳ db/seeds.rb:14
  [1m[35m (0.8ms)[0m  [1m[35mCOMMIT[0m
  ↳ db/seeds.rb:14
  [1m[35m (0.2ms)[0m  [1m[35mBEGIN[0m
  ↳ db/seeds.rb:15
  [1m[36mAttire Create (0.5ms)[0m  [1m[32mINSERT INTO "attires" ("name", "created_at", "updated_at") VALUES ($1, $2, $3) RETURNING "id"[0m  [["name", "Cosplay"], ["created_at", "2019-07-16 18:44:53.761255"], ["updated_at", "2019-07-16 18:44:53.761255"]]
  ↳ db/seeds.rb:15
  [1m[35m (0.4ms)[0m  [1m[35mCOMMIT[0m
  ↳ db/seeds.rb:15
  [1m[35m (0.2ms)[0m  [1m[35mBEGIN[0m
  ↳ db/seeds.rb:19
  [1m[36mRendezvousType Create (0.8ms)[0m  [1m[32mINSERT INTO "rendezvous_types" ("name", "created_at", "updated_at") VALUES ($1, $2, $3) RETURNING "id"[0m  [["name", "Take a Walk"], ["created_at", "2019-07-16 18:44:53.780144"], ["updated_at", "2019-07-16 18:44:53.780144"]]
  ↳ db/seeds.rb:19
  [1m[35m (0.5ms)[0m  [1m[35mCOMMIT[0m
  ↳ db/seeds.rb:19
  [1m[35m (0.2ms)[0m  [1m[35mBEGIN[0m
  ↳ db/seeds.rb:20
  [1m[36mRendezvousType Create (0.6ms)[0m  [1m[32mINSERT INTO "rendezvous_types" ("name", "created_at", "updated_at") VALUES ($1, $2, $3) RETURNING "id"[0m  [["name", "Go on a Picnic"], ["created_at", "2019-07-16 18:44:53.783955"], ["updated_at", "2019-07-16 18:44:53.783955"]]
  ↳ db/seeds.rb:20
  [1m[35m (0.5ms)[0m  [1m[35mCOMMIT[0m
  ↳ db/seeds.rb:20
  [1m[35m (0.2ms)[0m  [1m[35mBEGIN[0m
  ↳ db/seeds.rb:21
  [1m[36mRendezvousType Create (0.5ms)[0m  [1m[32mINSERT INTO "rendezvous_types" ("name", "created_at", "updated_at") VALUES ($1, $2, $3) RETURNING "id"[0m  [["name", "Eat at a new Restraunt"], ["created_at", "2019-07-16 18:44:53.788137"], ["updated_at", "2019-07-16 18:44:53.788137"]]
  ↳ db/seeds.rb:21
  [1m[35m (0.5ms)[0m  [1m[35mCOMMIT[0m
  ↳ db/seeds.rb:21
  [1m[35m (1.3ms)[0m  [1m[35mBEGIN[0m
  ↳ db/seeds.rb:22
  [1m[36mRendezvousType Create (0.4ms)[0m  [1m[32mINSERT INTO "rendezvous_types" ("name", "created_at", "updated_at") VALUES ($1, $2, $3) RETURNING "id"[0m  [["name", "Go to a Coffee Shop"], ["created_at", "2019-07-16 18:44:53.793204"], ["updated_at", "2019-07-16 18:44:53.793204"]]
  ↳ db/seeds.rb:22
  [1m[35m (0.6ms)[0m  [1m[35mCOMMIT[0m
  ↳ db/seeds.rb:22
  [1m[35m (0.1ms)[0m  [1m[35mBEGIN[0m
  ↳ db/seeds.rb:23
  [1m[36mRendezvousType Create (0.4ms)[0m  [1m[32mINSERT INTO "rendezvous_types" ("name", "created_at", "updated_at") VALUES ($1, $2, $3) RETURNING "id"[0m  [["name", "PLay Board Games"], ["created_at", "2019-07-16 18:44:53.797102"], ["updated_at", "2019-07-16 18:44:53.797102"]]
  ↳ db/seeds.rb:23
  [1m[35m (0.5ms)[0m  [1m[35mCOMMIT[0m
  ↳ db/seeds.rb:23
  [1m[35m (0.1ms)[0m  [1m[35mBEGIN[0m
  ↳ db/seeds.rb:24
  [1m[36mRendezvousType Create (0.4ms)[0m  [1m[32mINSERT INTO "rendezvous_types" ("name", "created_at", "updated_at") VALUES ($1, $2, $3) RETURNING "id"[0m  [["name", "Go to a Movie"], ["created_at", "2019-07-16 18:44:53.800483"], ["updated_at", "2019-07-16 18:44:53.800483"]]
  ↳ db/seeds.rb:24
  [1m[35m (0.5ms)[0m  [1m[35mCOMMIT[0m
  ↳ db/seeds.rb:24
  [1m[35m (0.1ms)[0m  [1m[35mBEGIN[0m
  ↳ db/seeds.rb:25
  [1m[36mRendezvousType Create (0.4ms)[0m  [1m[32mINSERT INTO "rendezvous_types" ("name", "created_at", "updated_at") VALUES ($1, $2, $3) RETURNING "id"[0m  [["name", "Go to Arcade"], ["created_at", "2019-07-16 18:44:53.804327"], ["updated_at", "2019-07-16 18:44:53.804327"]]
  ↳ db/seeds.rb:25
  [1m[35m (0.5ms)[0m  [1m[35mCOMMIT[0m
  ↳ db/seeds.rb:25
  [1m[35m (0.1ms)[0m  [1m[35mBEGIN[0m
  ↳ db/seeds.rb:26
  [1m[36mRendezvousType Create (0.4ms)[0m  [1m[32mINSERT INTO "rendezvous_types" ("name", "created_at", "updated_at") VALUES ($1, $2, $3) RETURNING "id"[0m  [["name", "Go Bowling"], ["created_at", "2019-07-16 18:44:53.807462"], ["updated_at", "2019-07-16 18:44:53.807462"]]
  ↳ db/seeds.rb:26
  [1m[35m (0.5ms)[0m  [1m[35mCOMMIT[0m
  ↳ db/seeds.rb:26
  [1m[35m (0.1ms)[0m  [1m[35mBEGIN[0m
  ↳ db/seeds.rb:27
  [1m[36mRendezvousType Create (0.4ms)[0m  [1m[32mINSERT INTO "rendezvous_types" ("name", "created_at", "updated_at") VALUES ($1, $2, $3) RETURNING "id"[0m  [["name", "Play Mini-Golf"], ["created_at", "2019-07-16 18:44:53.810486"], ["updated_at", "2019-07-16 18:44:53.810486"]]
  ↳ db/seeds.rb:27
  [1m[35m (0.5ms)[0m  [1m[35mCOMMIT[0m
  ↳ db/seeds.rb:27
  [1m[35m (0.1ms)[0m  [1m[35mBEGIN[0m
  ↳ db/seeds.rb:28
  [1m[36mRendezvousType Create (0.4ms)[0m  [1m[32mINSERT INTO "rendezvous_types" ("name", "created_at", "updated_at") VALUES ($1, $2, $3) RETURNING "id"[0m  [["name", "Go on a Scavenger Hunt"], ["created_at", "2019-07-16 18:44:53.813572"], ["updated_at", "2019-07-16 18:44:53.813572"]]
  ↳ db/seeds.rb:28
  [1m[35m (0.5ms)[0m  [1m[35mCOMMIT[0m
  ↳ db/seeds.rb:28
  [1m[35m (0.1ms)[0m  [1m[35mBEGIN[0m
  ↳ db/seeds.rb:29
  [1m[36mRendezvousType Create (0.4ms)[0m  [1m[32mINSERT INTO "rendezvous_types" ("name", "created_at", "updated_at") VALUES ($1, $2, $3) RETURNING "id"[0m  [["name", "Go to a Museum"], ["created_at", "2019-07-16 18:44:53.817677"], ["updated_at", "2019-07-16 18:44:53.817677"]]
  ↳ db/seeds.rb:29
  [1m[35m (0.5ms)[0m  [1m[35mCOMMIT[0m
  ↳ db/seeds.rb:29
  [1m[35m (0.1ms)[0m  [1m[35mBEGIN[0m
  ↳ db/seeds.rb:30
  [1m[36mRendezvousType Create (0.4ms)[0m  [1m[32mINSERT INTO "rendezvous_types" ("name", "created_at", "updated_at") VALUES ($1, $2, $3) RETURNING "id"[0m  [["name", "Take a Scenic Drive"], ["created_at", "2019-07-16 18:44:53.820754"], ["updated_at", "2019-07-16 18:44:53.820754"]]
  ↳ db/seeds.rb:30
  [1m[35m (41.0ms)[0m  [1m[35mCOMMIT[0m
  ↳ db/seeds.rb:30
  [1m[35m (0.2ms)[0m  [1m[35mBEGIN[0m
  ↳ db/seeds.rb:31
  [1m[36mRendezvousType Create (0.4ms)[0m  [1m[32mINSERT INTO "rendezvous_types" ("name", "created_at", "updated_at") VALUES ($1, $2, $3) RETURNING "id"[0m  [["name", "Go to a Park"], ["created_at", "2019-07-16 18:44:53.864558"], ["updated_at", "2019-07-16 18:44:53.864558"]]
  ↳ db/seeds.rb:31
  [1m[35m (38.6ms)[0m  [1m[35mCOMMIT[0m
  ↳ db/seeds.rb:31
  [1m[35m (0.2ms)[0m  [1m[35mBEGIN[0m
  ↳ db/seeds.rb:32
  [1m[36mRendezvousType Create (0.5ms)[0m  [1m[32mINSERT INTO "rendezvous_types" ("name", "created_at", "updated_at") VALUES ($1, $2, $3) RETURNING "id"[0m  [["name", "Volunteer Together"], ["created_at", "2019-07-16 18:44:53.906362"], ["updated_at", "2019-07-16 18:44:53.906362"]]
  ↳ db/seeds.rb:32
  [1m[35m (0.5ms)[0m  [1m[35mCOMMIT[0m
  ↳ db/seeds.rb:32
  [1m[35m (0.1ms)[0m  [1m[35mBEGIN[0m
  ↳ db/seeds.rb:33
  [1m[36mRendezvousType Create (0.4ms)[0m  [1m[32mINSERT INTO "rendezvous_types" ("name", "created_at", "updated_at") VALUES ($1, $2, $3) RETURNING "id"[0m  [["name", "Play Laser Tag"], ["created_at", "2019-07-16 18:44:53.910111"], ["updated_at", "2019-07-16 18:44:53.910111"]]
  ↳ db/seeds.rb:33
  [1m[35m (0.7ms)[0m  [1m[35mCOMMIT[0m
  ↳ db/seeds.rb:33
  [1m[35m (0.2ms)[0m  [1m[35mBEGIN[0m
  ↳ db/seeds.rb:34
  [1m[36mRendezvousType Create (0.4ms)[0m  [1m[32mINSERT INTO "rendezvous_types" ("name", "created_at", "updated_at") VALUES ($1, $2, $3) RETURNING "id"[0m  [["name", "Go to a Painting Class"], ["created_at", "2019-07-16 18:44:53.913890"], ["updated_at", "2019-07-16 18:44:53.913890"]]
  ↳ db/seeds.rb:34
  [1m[35m (0.7ms)[0m  [1m[35mCOMMIT[0m
  ↳ db/seeds.rb:34
  [1m[35m (0.2ms)[0m  [1m[35mBEGIN[0m
  ↳ db/seeds.rb:35
  [1m[36mRendezvousType Create (0.4ms)[0m  [1m[32mINSERT INTO "rendezvous_types" ("name", "created_at", "updated_at") VALUES ($1, $2, $3) RETURNING "id"[0m  [["name", "Go Go-Kart Racing"], ["created_at", "2019-07-16 18:44:53.917543"], ["updated_at", "2019-07-16 18:44:53.917543"]]
  ↳ db/seeds.rb:35
  [1m[35m (8.7ms)[0m  [1m[35mCOMMIT[0m
  ↳ db/seeds.rb:35
  [1m[35m (0.2ms)[0m  [1m[35mBEGIN[0m
  ↳ db/seeds.rb:36
  [1m[36mRendezvousType Create (1.1ms)[0m  [1m[32mINSERT INTO "rendezvous_types" ("name", "created_at", "updated_at") VALUES ($1, $2, $3) RETURNING "id"[0m  [["name", "Go Hiking"], ["created_at", "2019-07-16 18:44:53.928927"], ["updated_at", "2019-07-16 18:44:53.928927"]]
  ↳ db/seeds.rb:36
  [1m[35m (26.4ms)[0m  [1m[35mCOMMIT[0m
  ↳ db/seeds.rb:36
  [1m[35m (0.2ms)[0m  [1m[35mBEGIN[0m
  ↳ db/seeds.rb:37
  [1m[36mRendezvousType Create (0.4ms)[0m  [1m[32mINSERT INTO "rendezvous_types" ("name", "created_at", "updated_at") VALUES ($1, $2, $3) RETURNING "id"[0m  [["name", "Double Date"], ["created_at", "2019-07-16 18:44:53.959833"], ["updated_at", "2019-07-16 18:44:53.959833"]]
  ↳ db/seeds.rb:37
  [1m[35m (0.7ms)[0m  [1m[35mCOMMIT[0m
  ↳ db/seeds.rb:37
  [1m[35m (0.1ms)[0m  [1m[35mBEGIN[0m
  ↳ db/seeds.rb:38
  [1m[36mRendezvousType Create (0.4ms)[0m  [1m[32mINSERT INTO "rendezvous_types" ("name", "created_at", "updated_at") VALUES ($1, $2, $3) RETURNING "id"[0m  [["name", "Cook a Meal Together"], ["created_at", "2019-07-16 18:44:53.963087"], ["updated_at", "2019-07-16 18:44:53.963087"]]
  ↳ db/seeds.rb:38
  [1m[35m (0.5ms)[0m  [1m[35mCOMMIT[0m
  ↳ db/seeds.rb:38
  [1m[35m (0.1ms)[0m  [1m[35mBEGIN[0m
  ↳ db/seeds.rb:39
  [1m[36mRendezvousType Create (0.4ms)[0m  [1m[32mINSERT INTO "rendezvous_types" ("name", "created_at", "updated_at") VALUES ($1, $2, $3) RETURNING "id"[0m  [["name", "Go Stargazing"], ["created_at", "2019-07-16 18:44:53.966940"], ["updated_at", "2019-07-16 18:44:53.966940"]]
  ↳ db/seeds.rb:39
  [1m[35m (0.5ms)[0m  [1m[35mCOMMIT[0m
  ↳ db/seeds.rb:39
  [1m[35m (0.1ms)[0m  [1m[35mBEGIN[0m
  ↳ db/seeds.rb:40
  [1m[36mRendezvousType Create (0.4ms)[0m  [1m[32mINSERT INTO "rendezvous_types" ("name", "created_at", "updated_at") VALUES ($1, $2, $3) RETURNING "id"[0m  [["name", "Date Night In"], ["created_at", "2019-07-16 18:44:53.969401"], ["updated_at", "2019-07-16 18:44:53.969401"]]
  ↳ db/seeds.rb:40
  [1m[35m (0.5ms)[0m  [1m[35mCOMMIT[0m
  ↳ db/seeds.rb:40
  [1m[35m (0.1ms)[0m  [1m[35mBEGIN[0m
  ↳ db/seeds.rb:41
  [1m[36mRendezvousType Create (0.4ms)[0m  [1m[32mINSERT INTO "rendezvous_types" ("name", "created_at", "updated_at") VALUES ($1, $2, $3) RETURNING "id"[0m  [["name", "Get Ice Cream"], ["created_at", "2019-07-16 18:44:53.972070"], ["updated_at", "2019-07-16 18:44:53.972070"]]
  ↳ db/seeds.rb:41
  [1m[35m (0.5ms)[0m  [1m[35mCOMMIT[0m
  ↳ db/seeds.rb:41
  [1m[35m (0.1ms)[0m  [1m[35mBEGIN[0m
  ↳ db/seeds.rb:42
  [1m[36mRendezvousType Create (0.4ms)[0m  [1m[32mINSERT INTO "rendezvous_types" ("name", "created_at", "updated_at") VALUES ($1, $2, $3) RETURNING "id"[0m  [["name", "Go Roller Skating"], ["created_at", "2019-07-16 18:44:53.975303"], ["updated_at", "2019-07-16 18:44:53.975303"]]
  ↳ db/seeds.rb:42
  [1m[35m (1.1ms)[0m  [1m[35mCOMMIT[0m
  ↳ db/seeds.rb:42
  [1m[35m (0.2ms)[0m  [1m[35mBEGIN[0m
  ↳ db/seeds.rb:43
  [1m[36mRendezvousType Create (0.4ms)[0m  [1m[32mINSERT INTO "rendezvous_types" ("name", "created_at", "updated_at") VALUES ($1, $2, $3) RETURNING "id"[0m  [["name", "Take a Pottery Class"], ["created_at", "2019-07-16 18:44:53.979140"], ["updated_at", "2019-07-16 18:44:53.979140"]]
  ↳ db/seeds.rb:43
  [1m[35m (0.6ms)[0m  [1m[35mCOMMIT[0m
  ↳ db/seeds.rb:43
  [1m[35m (0.1ms)[0m  [1m[35mBEGIN[0m
  ↳ db/seeds.rb:44
  [1m[36mRendezvousType Create (0.4ms)[0m  [1m[32mINSERT INTO "rendezvous_types" ("name", "created_at", "updated_at") VALUES ($1, $2, $3) RETURNING "id"[0m  [["name", "Visit Family"], ["created_at", "2019-07-16 18:44:53.982257"], ["updated_at", "2019-07-16 18:44:53.982257"]]
  ↳ db/seeds.rb:44
  [1m[35m (0.5ms)[0m  [1m[35mCOMMIT[0m
  ↳ db/seeds.rb:44
  [1m[35m (0.1ms)[0m  [1m[35mBEGIN[0m
  ↳ db/seeds.rb:45
  [1m[36mRendezvousType Create (0.4ms)[0m  [1m[32mINSERT INTO "rendezvous_types" ("name", "created_at", "updated_at") VALUES ($1, $2, $3) RETURNING "id"[0m  [["name", "DIY Project Together"], ["created_at", "2019-07-16 18:44:53.985203"], ["updated_at", "2019-07-16 18:44:53.985203"]]
  ↳ db/seeds.rb:45
  [1m[35m (0.6ms)[0m  [1m[35mCOMMIT[0m
  ↳ db/seeds.rb:45
  [1m[35m (0.1ms)[0m  [1m[35mBEGIN[0m
  ↳ db/seeds.rb:46
  [1m[36mRendezvousType Create (0.4ms)[0m  [1m[32mINSERT INTO "rendezvous_types" ("name", "created_at", "updated_at") VALUES ($1, $2, $3) RETURNING "id"[0m  [["name", "Go to a Concert"], ["created_at", "2019-07-16 18:44:53.989230"], ["updated_at", "2019-07-16 18:44:53.989230"]]
  ↳ db/seeds.rb:46
  [1m[35m (10.6ms)[0m  [1m[35mCOMMIT[0m
  ↳ db/seeds.rb:46
  [1m[35m (0.2ms)[0m  [1m[35mBEGIN[0m
  ↳ db/seeds.rb:47
  [1m[36mRendezvousType Create (0.5ms)[0m  [1m[32mINSERT INTO "rendezvous_types" ("name", "created_at", "updated_at") VALUES ($1, $2, $3) RETURNING "id"[0m  [["name", "Play Basketball"], ["created_at", "2019-07-16 18:44:54.002535"], ["updated_at", "2019-07-16 18:44:54.002535"]]
  ↳ db/seeds.rb:47
  [1m[35m (0.6ms)[0m  [1m[35mCOMMIT[0m
  ↳ db/seeds.rb:47
  [1m[35m (0.2ms)[0m  [1m[35mBEGIN[0m
  ↳ db/seeds.rb:48
  [1m[36mRendezvousType Create (0.4ms)[0m  [1m[32mINSERT INTO "rendezvous_types" ("name", "created_at", "updated_at") VALUES ($1, $2, $3) RETURNING "id"[0m  [["name", "Go Swimming"], ["created_at", "2019-07-16 18:44:54.005672"], ["updated_at", "2019-07-16 18:44:54.005672"]]
  ↳ db/seeds.rb:48
  [1m[35m (0.5ms)[0m  [1m[35mCOMMIT[0m
  ↳ db/seeds.rb:48
  [1m[35m (0.1ms)[0m  [1m[35mBEGIN[0m
  ↳ db/seeds.rb:49
  [1m[36mRendezvousType Create (0.4ms)[0m  [1m[32mINSERT INTO "rendezvous_types" ("name", "created_at", "updated_at") VALUES ($1, $2, $3) RETURNING "id"[0m  [["name", "Go to a Lake"], ["created_at", "2019-07-16 18:44:54.008565"], ["updated_at", "2019-07-16 18:44:54.008565"]]
  ↳ db/seeds.rb:49
  [1m[35m (0.5ms)[0m  [1m[35mCOMMIT[0m
  ↳ db/seeds.rb:49
  [1m[35m (0.1ms)[0m  [1m[35mBEGIN[0m
  ↳ db/seeds.rb:50
  [1m[36mRendezvousType Create (0.4ms)[0m  [1m[32mINSERT INTO "rendezvous_types" ("name", "created_at", "updated_at") VALUES ($1, $2, $3) RETURNING "id"[0m  [["name", "Have a Campfire"], ["created_at", "2019-07-16 18:44:54.011294"], ["updated_at", "2019-07-16 18:44:54.011294"]]
  ↳ db/seeds.rb:50
  [1m[35m (0.5ms)[0m  [1m[35mCOMMIT[0m
  ↳ db/seeds.rb:50
  [1m[35m (0.1ms)[0m  [1m[35mBEGIN[0m
  ↳ db/seeds.rb:51
  [1m[36mRendezvousType Create (0.4ms)[0m  [1m[32mINSERT INTO "rendezvous_types" ("name", "created_at", "updated_at") VALUES ($1, $2, $3) RETURNING "id"[0m  [["name", "Go see a National Monument"], ["created_at", "2019-07-16 18:44:54.013828"], ["updated_at", "2019-07-16 18:44:54.013828"]]
  ↳ db/seeds.rb:51
  [1m[35m (0.5ms)[0m  [1m[35mCOMMIT[0m
  ↳ db/seeds.rb:51
  [1m[35m (0.1ms)[0m  [1m[35mBEGIN[0m
  ↳ db/seeds.rb:52
  [1m[36mRendezvousType Create (0.4ms)[0m  [1m[32mINSERT INTO "rendezvous_types" ("name", "created_at", "updated_at") VALUES ($1, $2, $3) RETURNING "id"[0m  [["name", "Play Volleyball"], ["created_at", "2019-07-16 18:44:54.016409"], ["updated_at", "2019-07-16 18:44:54.016409"]]
  ↳ db/seeds.rb:52
  [1m[35m (0.5ms)[0m  [1m[35mCOMMIT[0m
  ↳ db/seeds.rb:52
  [1m[35m (0.1ms)[0m  [1m[35mBEGIN[0m
  ↳ db/seeds.rb:53
  [1m[36mRendezvousType Create (0.4ms)[0m  [1m[32mINSERT INTO "rendezvous_types" ("name", "created_at", "updated_at") VALUES ($1, $2, $3) RETURNING "id"[0m  [["name", "Go to the Batting Cages"], ["created_at", "2019-07-16 18:44:54.018987"], ["updated_at", "2019-07-16 18:44:54.018987"]]
  ↳ db/seeds.rb:53
  [1m[35m (0.5ms)[0m  [1m[35mCOMMIT[0m
  ↳ db/seeds.rb:53
  [1m[35m (0.1ms)[0m  [1m[35mBEGIN[0m
  ↳ db/seeds.rb:54
  [1m[36mRendezvousType Create (0.4ms)[0m  [1m[32mINSERT INTO "rendezvous_types" ("name", "created_at", "updated_at") VALUES ($1, $2, $3) RETURNING "id"[0m  [["name", "Write Poems Together"], ["created_at", "2019-07-16 18:44:54.021947"], ["updated_at", "2019-07-16 18:44:54.021947"]]
  ↳ db/seeds.rb:54
  [1m[35m (0.5ms)[0m  [1m[35mCOMMIT[0m
  ↳ db/seeds.rb:54
  [1m[35m (0.1ms)[0m  [1m[35mBEGIN[0m
  ↳ db/seeds.rb:55
  [1m[36mRendezvousType Create (0.4ms)[0m  [1m[32mINSERT INTO "rendezvous_types" ("name", "created_at", "updated_at") VALUES ($1, $2, $3) RETURNING "id"[0m  [["name", "Go to a Plant Nusery"], ["created_at", "2019-07-16 18:44:54.024824"], ["updated_at", "2019-07-16 18:44:54.024824"]]
  ↳ db/seeds.rb:55
  [1m[35m (0.5ms)[0m  [1m[35mCOMMIT[0m
  ↳ db/seeds.rb:55
  [1m[35m (0.1ms)[0m  [1m[35mBEGIN[0m
  ↳ db/seeds.rb:56
  [1m[36mRendezvousType Create (0.4ms)[0m  [1m[32mINSERT INTO "rendezvous_types" ("name", "created_at", "updated_at") VALUES ($1, $2, $3) RETURNING "id"[0m  [["name", "Go to a Animal Shelter"], ["created_at", "2019-07-16 18:44:54.027736"], ["updated_at", "2019-07-16 18:44:54.027736"]]
  ↳ db/seeds.rb:56
  [1m[35m (0.5ms)[0m  [1m[35mCOMMIT[0m
  ↳ db/seeds.rb:56
  [1m[35m (0.1ms)[0m  [1m[35mBEGIN[0m
  ↳ db/seeds.rb:57
  [1m[36mRendezvousType Create (0.5ms)[0m  [1m[32mINSERT INTO "rendezvous_types" ("name", "created_at", "updated_at") VALUES ($1, $2, $3) RETURNING "id"[0m  [["name", "Go to a Trampoline Park"], ["created_at", "2019-07-16 18:44:54.030560"], ["updated_at", "2019-07-16 18:44:54.030560"]]
  ↳ db/seeds.rb:57
  [1m[35m (0.6ms)[0m  [1m[35mCOMMIT[0m
  ↳ db/seeds.rb:57
  [1m[35m (0.1ms)[0m  [1m[35mBEGIN[0m
  ↳ db/seeds.rb:58
  [1m[36mRendezvousType Create (0.4ms)[0m  [1m[32mINSERT INTO "rendezvous_types" ("name", "created_at", "updated_at") VALUES ($1, $2, $3) RETURNING "id"[0m  [["name", "Go to the Library"], ["created_at", "2019-07-16 18:44:54.033785"], ["updated_at", "2019-07-16 18:44:54.033785"]]
  ↳ db/seeds.rb:58
  [1m[35m (0.5ms)[0m  [1m[35mCOMMIT[0m
  ↳ db/seeds.rb:58
  [1m[35m (0.1ms)[0m  [1m[35mBEGIN[0m
  ↳ db/seeds.rb:59
  [1m[36mRendezvousType Create (0.4ms)[0m  [1m[32mINSERT INTO "rendezvous_types" ("name", "created_at", "updated_at") VALUES ($1, $2, $3) RETURNING "id"[0m  [["name", "Go Thrift Store Shopping"], ["created_at", "2019-07-16 18:44:54.036858"], ["updated_at", "2019-07-16 18:44:54.036858"]]
  ↳ db/seeds.rb:59
  [1m[35m (0.5ms)[0m  [1m[35mCOMMIT[0m
  ↳ db/seeds.rb:59
  [1m[35m (0.1ms)[0m  [1m[35mBEGIN[0m
  ↳ db/seeds.rb:60
  [1m[36mRendezvousType Create (0.4ms)[0m  [1m[32mINSERT INTO "rendezvous_types" ("name", "created_at", "updated_at") VALUES ($1, $2, $3) RETURNING "id"[0m  [["name", "Play Frisbee Golf"], ["created_at", "2019-07-16 18:44:54.040086"], ["updated_at", "2019-07-16 18:44:54.040086"]]
  ↳ db/seeds.rb:60
  [1m[35m (0.5ms)[0m  [1m[35mCOMMIT[0m
  ↳ db/seeds.rb:60
  [1m[35m (0.1ms)[0m  [1m[35mBEGIN[0m
  ↳ db/seeds.rb:61
  [1m[36mRendezvousType Create (0.4ms)[0m  [1m[32mINSERT INTO "rendezvous_types" ("name", "created_at", "updated_at") VALUES ($1, $2, $3) RETURNING "id"[0m  [["name", "See a Comedy Show"], ["created_at", "2019-07-16 18:44:54.043134"], ["updated_at", "2019-07-16 18:44:54.043134"]]
  ↳ db/seeds.rb:61
  [1m[35m (0.4ms)[0m  [1m[35mCOMMIT[0m
  ↳ db/seeds.rb:61
  [1m[35m (0.1ms)[0m  [1m[35mBEGIN[0m
  ↳ db/seeds.rb:62
  [1m[36mRendezvousType Create (0.4ms)[0m  [1m[32mINSERT INTO "rendezvous_types" ("name", "created_at", "updated_at") VALUES ($1, $2, $3) RETURNING "id"[0m  [["name", "Build-a-Bear"], ["created_at", "2019-07-16 18:44:54.046291"], ["updated_at", "2019-07-16 18:44:54.046291"]]
  ↳ db/seeds.rb:62
  [1m[35m (0.6ms)[0m  [1m[35mCOMMIT[0m
  ↳ db/seeds.rb:62
  [1m[35m (0.1ms)[0m  [1m[35mBEGIN[0m
  ↳ db/seeds.rb:63
  [1m[36mRendezvousType Create (0.5ms)[0m  [1m[32mINSERT INTO "rendezvous_types" ("name", "created_at", "updated_at") VALUES ($1, $2, $3) RETURNING "id"[0m  [["name", "Go get Frozen Yogurt"], ["created_at", "2019-07-16 18:44:54.049683"], ["updated_at", "2019-07-16 18:44:54.049683"]]
  ↳ db/seeds.rb:63
  [1m[35m (0.5ms)[0m  [1m[35mCOMMIT[0m
  ↳ db/seeds.rb:63
  [1m[35m (0.1ms)[0m  [1m[35mBEGIN[0m
  ↳ db/seeds.rb:64
  [1m[36mRendezvousType Create (0.4ms)[0m  [1m[32mINSERT INTO "rendezvous_types" ("name", "created_at", "updated_at") VALUES ($1, $2, $3) RETURNING "id"[0m  [["name", "Browse an Anitque Store"], ["created_at", "2019-07-16 18:44:54.052909"], ["updated_at", "2019-07-16 18:44:54.052909"]]
  ↳ db/seeds.rb:64
  [1m[35m (0.5ms)[0m  [1m[35mCOMMIT[0m
  ↳ db/seeds.rb:64
  [1m[35m (0.1ms)[0m  [1m[35mBEGIN[0m
  ↳ db/seeds.rb:65
  [1m[36mRendezvousType Create (0.4ms)[0m  [1m[32mINSERT INTO "rendezvous_types" ("name", "created_at", "updated_at") VALUES ($1, $2, $3) RETURNING "id"[0m  [["name", "Go on a Riverboat Cruise"], ["created_at", "2019-07-16 18:44:54.055883"], ["updated_at", "2019-07-16 18:44:54.055883"]]
  ↳ db/seeds.rb:65
  [1m[35m (0.5ms)[0m  [1m[35mCOMMIT[0m
  ↳ db/seeds.rb:65
  [1m[35m (0.1ms)[0m  [1m[35mBEGIN[0m
  ↳ db/seeds.rb:66
  [1m[36mRendezvousType Create (0.4ms)[0m  [1m[32mINSERT INTO "rendezvous_types" ("name", "created_at", "updated_at") VALUES ($1, $2, $3) RETURNING "id"[0m  [["name", "Go to an Amusment Park"], ["created_at", "2019-07-16 18:44:54.059984"], ["updated_at", "2019-07-16 18:44:54.059984"]]
  ↳ db/seeds.rb:66
  [1m[35m (0.6ms)[0m  [1m[35mCOMMIT[0m
  ↳ db/seeds.rb:66
  [1m[35m (0.1ms)[0m  [1m[35mBEGIN[0m
  ↳ db/seeds.rb:67
  [1m[36mRendezvousType Create (0.4ms)[0m  [1m[32mINSERT INTO "rendezvous_types" ("name", "created_at", "updated_at") VALUES ($1, $2, $3) RETURNING "id"[0m  [["name", "Have a Photoshoot"], ["created_at", "2019-07-16 18:44:54.063053"], ["updated_at", "2019-07-16 18:44:54.063053"]]
  ↳ db/seeds.rb:67
  [1m[35m (0.5ms)[0m  [1m[35mCOMMIT[0m
  ↳ db/seeds.rb:67
  [1m[35m (0.1ms)[0m  [1m[35mBEGIN[0m
  ↳ db/seeds.rb:68
  [1m[36mRendezvousType Create (0.4ms)[0m  [1m[32mINSERT INTO "rendezvous_types" ("name", "created_at", "updated_at") VALUES ($1, $2, $3) RETURNING "id"[0m  [["name", "Go on a 5k or Fun-run"], ["created_at", "2019-07-16 18:44:54.066710"], ["updated_at", "2019-07-16 18:44:54.066710"]]
  ↳ db/seeds.rb:68
  [1m[35m (0.5ms)[0m  [1m[35mCOMMIT[0m
  ↳ db/seeds.rb:68
  [1m[35m (0.1ms)[0m  [1m[35mBEGIN[0m
  ↳ db/seeds.rb:69
  [1m[36mRendezvousType Create (0.4ms)[0m  [1m[32mINSERT INTO "rendezvous_types" ("name", "created_at", "updated_at") VALUES ($1, $2, $3) RETURNING "id"[0m  [["name", "Bike Ride"], ["created_at", "2019-07-16 18:44:54.069594"], ["updated_at", "2019-07-16 18:44:54.069594"]]
  ↳ db/seeds.rb:69
  [1m[35m (0.5ms)[0m  [1m[35mCOMMIT[0m
  ↳ db/seeds.rb:69
  [1m[35m (0.1ms)[0m  [1m[35mBEGIN[0m
  ↳ db/seeds.rb:70
  [1m[36mRendezvousType Create (0.4ms)[0m  [1m[32mINSERT INTO "rendezvous_types" ("name", "created_at", "updated_at") VALUES ($1, $2, $3) RETURNING "id"[0m  [["name", "Canoe trip"], ["created_at", "2019-07-16 18:44:54.073117"], ["updated_at", "2019-07-16 18:44:54.073117"]]
  ↳ db/seeds.rb:70
  [1m[35m (0.5ms)[0m  [1m[35mCOMMIT[0m
  ↳ db/seeds.rb:70
  [1m[35m (0.1ms)[0m  [1m[35mBEGIN[0m
  ↳ db/seeds.rb:71
  [1m[36mRendezvousType Create (0.4ms)[0m  [1m[32mINSERT INTO "rendezvous_types" ("name", "created_at", "updated_at") VALUES ($1, $2, $3) RETURNING "id"[0m  [["name", "Go to a Driving Range"], ["created_at", "2019-07-16 18:44:54.075672"], ["updated_at", "2019-07-16 18:44:54.075672"]]
  ↳ db/seeds.rb:71
  [1m[35m (0.5ms)[0m  [1m[35mCOMMIT[0m
  ↳ db/seeds.rb:71
  [1m[35m (0.1ms)[0m  [1m[35mBEGIN[0m
  ↳ db/seeds.rb:72
  [1m[36mRendezvousType Create (0.4ms)[0m  [1m[32mINSERT INTO "rendezvous_types" ("name", "created_at", "updated_at") VALUES ($1, $2, $3) RETURNING "id"[0m  [["name", "Go on a Segway Tour"], ["created_at", "2019-07-16 18:44:54.078478"], ["updated_at", "2019-07-16 18:44:54.078478"]]
  ↳ db/seeds.rb:72
  [1m[35m (0.5ms)[0m  [1m[35mCOMMIT[0m
  ↳ db/seeds.rb:72
  [1m[35m (0.1ms)[0m  [1m[35mBEGIN[0m
  ↳ db/seeds.rb:73
  [1m[36mRendezvousType Create (0.4ms)[0m  [1m[32mINSERT INTO "rendezvous_types" ("name", "created_at", "updated_at") VALUES ($1, $2, $3) RETURNING "id"[0m  [["name", "Build-Your-Own-Pizza Bar"], ["created_at", "2019-07-16 18:44:54.080953"], ["updated_at", "2019-07-16 18:44:54.080953"]]
  ↳ db/seeds.rb:73
  [1m[35m (0.4ms)[0m  [1m[35mCOMMIT[0m
  ↳ db/seeds.rb:73
  [1m[35m (0.1ms)[0m  [1m[35mBEGIN[0m
  ↳ db/seeds.rb:74
  [1m[36mRendezvousType Create (0.4ms)[0m  [1m[32mINSERT INTO "rendezvous_types" ("name", "created_at", "updated_at") VALUES ($1, $2, $3) RETURNING "id"[0m  [["name", "Play Mad Libs"], ["created_at", "2019-07-16 18:44:54.083401"], ["updated_at", "2019-07-16 18:44:54.083401"]]
  ↳ db/seeds.rb:74
  [1m[35m (0.6ms)[0m  [1m[35mCOMMIT[0m
  ↳ db/seeds.rb:74
  [1m[35m (0.1ms)[0m  [1m[35mBEGIN[0m
  ↳ db/seeds.rb:75
  [1m[36mRendezvousType Create (0.3ms)[0m  [1m[32mINSERT INTO "rendezvous_types" ("name", "created_at", "updated_at") VALUES ($1, $2, $3) RETURNING "id"[0m  [["name", "Go to a Shooting Range"], ["created_at", "2019-07-16 18:44:54.085759"], ["updated_at", "2019-07-16 18:44:54.085759"]]
  ↳ db/seeds.rb:75
  [1m[35m (0.5ms)[0m  [1m[35mCOMMIT[0m
  ↳ db/seeds.rb:75
  [1m[35m (0.1ms)[0m  [1m[35mBEGIN[0m
  ↳ db/seeds.rb:76
  [1m[36mRendezvousType Create (0.3ms)[0m  [1m[32mINSERT INTO "rendezvous_types" ("name", "created_at", "updated_at") VALUES ($1, $2, $3) RETURNING "id"[0m  [["name", "Play Tennis"], ["created_at", "2019-07-16 18:44:54.087877"], ["updated_at", "2019-07-16 18:44:54.087877"]]
  ↳ db/seeds.rb:76
  [1m[35m (0.5ms)[0m  [1m[35mCOMMIT[0m
  ↳ db/seeds.rb:76
  [1m[35m (0.1ms)[0m  [1m[35mBEGIN[0m
  ↳ db/seeds.rb:77
  [1m[36mRendezvousType Create (0.3ms)[0m  [1m[32mINSERT INTO "rendezvous_types" ("name", "created_at", "updated_at") VALUES ($1, $2, $3) RETURNING "id"[0m  [["name", "Browse Downtown"], ["created_at", "2019-07-16 18:44:54.090056"], ["updated_at", "2019-07-16 18:44:54.090056"]]
  ↳ db/seeds.rb:77
  [1m[35m (0.4ms)[0m  [1m[35mCOMMIT[0m
  ↳ db/seeds.rb:77
  [1m[35m (0.1ms)[0m  [1m[35mBEGIN[0m
  ↳ db/seeds.rb:78
  [1m[36mRendezvousType Create (0.3ms)[0m  [1m[32mINSERT INTO "rendezvous_types" ("name", "created_at", "updated_at") VALUES ($1, $2, $3) RETURNING "id"[0m  [["name", "Bake Cookies Together"], ["created_at", "2019-07-16 18:44:54.092121"], ["updated_at", "2019-07-16 18:44:54.092121"]]
  ↳ db/seeds.rb:78
  [1m[35m (0.5ms)[0m  [1m[35mCOMMIT[0m
  ↳ db/seeds.rb:78
  [1m[35m (0.1ms)[0m  [1m[35mBEGIN[0m
  ↳ db/seeds.rb:79
  [1m[36mRendezvousType Create (0.3ms)[0m  [1m[32mINSERT INTO "rendezvous_types" ("name", "created_at", "updated_at") VALUES ($1, $2, $3) RETURNING "id"[0m  [["name", "Go to a Water Park"], ["created_at", "2019-07-16 18:44:54.094391"], ["updated_at", "2019-07-16 18:44:54.094391"]]
  ↳ db/seeds.rb:79
  [1m[35m (0.4ms)[0m  [1m[35mCOMMIT[0m
  ↳ db/seeds.rb:79
  [1m[35m (0.1ms)[0m  [1m[35mBEGIN[0m
  ↳ db/seeds.rb:80
  [1m[36mRendezvousType Create (0.3ms)[0m  [1m[32mINSERT INTO "rendezvous_types" ("name", "created_at", "updated_at") VALUES ($1, $2, $3) RETURNING "id"[0m  [["name", "Go to an Open Mic Night"], ["created_at", "2019-07-16 18:44:54.096545"], ["updated_at", "2019-07-16 18:44:54.096545"]]
  ↳ db/seeds.rb:80
  [1m[35m (0.5ms)[0m  [1m[35mCOMMIT[0m
  ↳ db/seeds.rb:80
  [1m[35m (0.1ms)[0m  [1m[35mBEGIN[0m
  ↳ db/seeds.rb:81
  [1m[36mRendezvousType Create (0.4ms)[0m  [1m[32mINSERT INTO "rendezvous_types" ("name", "created_at", "updated_at") VALUES ($1, $2, $3) RETURNING "id"[0m  [["name", "Go to the Craft Fair"], ["created_at", "2019-07-16 18:44:54.098815"], ["updated_at", "2019-07-16 18:44:54.098815"]]
  ↳ db/seeds.rb:81
  [1m[35m (0.4ms)[0m  [1m[35mCOMMIT[0m
  ↳ db/seeds.rb:81
  [1m[35m (0.1ms)[0m  [1m[35mBEGIN[0m
  ↳ db/seeds.rb:82
  [1m[36mRendezvousType Create (0.3ms)[0m  [1m[32mINSERT INTO "rendezvous_types" ("name", "created_at", "updated_at") VALUES ($1, $2, $3) RETURNING "id"[0m  [["name", "Take a Foreign Language Class"], ["created_at", "2019-07-16 18:44:54.100928"], ["updated_at", "2019-07-16 18:44:54.100928"]]
  ↳ db/seeds.rb:82
  [1m[35m (0.5ms)[0m  [1m[35mCOMMIT[0m
  ↳ db/seeds.rb:82
  [1m[35m (0.1ms)[0m  [1m[35mBEGIN[0m
  ↳ db/seeds.rb:83
  [1m[36mRendezvousType Create (0.4ms)[0m  [1m[32mINSERT INTO "rendezvous_types" ("name", "created_at", "updated_at") VALUES ($1, $2, $3) RETURNING "id"[0m  [["name", "Go Berry Picking"], ["created_at", "2019-07-16 18:44:54.103127"], ["updated_at", "2019-07-16 18:44:54.103127"]]
  ↳ db/seeds.rb:83
  [1m[35m (0.5ms)[0m  [1m[35mCOMMIT[0m
  ↳ db/seeds.rb:83
  [1m[35m (0.1ms)[0m  [1m[35mBEGIN[0m
  ↳ db/seeds.rb:84
  [1m[36mRendezvousType Create (0.6ms)[0m  [1m[32mINSERT INTO "rendezvous_types" ("name", "created_at", "updated_at") VALUES ($1, $2, $3) RETURNING "id"[0m  [["name", "Go to The Zoo"], ["created_at", "2019-07-16 18:44:54.105320"], ["updated_at", "2019-07-16 18:44:54.105320"]]
  ↳ db/seeds.rb:84
  [1m[35m (0.5ms)[0m  [1m[35mCOMMIT[0m
  ↳ db/seeds.rb:84
  [1m[35m (0.2ms)[0m  [1m[35mBEGIN[0m
  ↳ db/seeds.rb:85
  [1m[36mRendezvousType Create (0.5ms)[0m  [1m[32mINSERT INTO "rendezvous_types" ("name", "created_at", "updated_at") VALUES ($1, $2, $3) RETURNING "id"[0m  [["name", "Go to a Bakery"], ["created_at", "2019-07-16 18:44:54.108182"], ["updated_at", "2019-07-16 18:44:54.108182"]]
  ↳ db/seeds.rb:85
  [1m[35m (0.5ms)[0m  [1m[35mCOMMIT[0m
  ↳ db/seeds.rb:85
  [1m[35m (0.1ms)[0m  [1m[35mBEGIN[0m
  ↳ db/seeds.rb:86
  [1m[36mRendezvousType Create (0.4ms)[0m  [1m[32mINSERT INTO "rendezvous_types" ("name", "created_at", "updated_at") VALUES ($1, $2, $3) RETURNING "id"[0m  [["name", "Train Ride"], ["created_at", "2019-07-16 18:44:54.119582"], ["updated_at", "2019-07-16 18:44:54.119582"]]
  ↳ db/seeds.rb:86
  [1m[35m (0.5ms)[0m  [1m[35mCOMMIT[0m
  ↳ db/seeds.rb:86
  [1m[35m (0.1ms)[0m  [1m[35mBEGIN[0m
  ↳ db/seeds.rb:87
  [1m[36mRendezvousType Create (0.4ms)[0m  [1m[32mINSERT INTO "rendezvous_types" ("name", "created_at", "updated_at") VALUES ($1, $2, $3) RETURNING "id"[0m  [["name", "Horseback Riding"], ["created_at", "2019-07-16 18:44:54.121742"], ["updated_at", "2019-07-16 18:44:54.121742"]]
  ↳ db/seeds.rb:87
  [1m[35m (0.5ms)[0m  [1m[35mCOMMIT[0m
  ↳ db/seeds.rb:87
  [1m[35m (0.1ms)[0m  [1m[35mBEGIN[0m
  ↳ db/seeds.rb:88
  [1m[36mRendezvousType Create (0.3ms)[0m  [1m[32mINSERT INTO "rendezvous_types" ("name", "created_at", "updated_at") VALUES ($1, $2, $3) RETURNING "id"[0m  [["name", "Art Festival"], ["created_at", "2019-07-16 18:44:54.124032"], ["updated_at", "2019-07-16 18:44:54.124032"]]
  ↳ db/seeds.rb:88
  [1m[35m (0.4ms)[0m  [1m[35mCOMMIT[0m
  ↳ db/seeds.rb:88
  [1m[35m (0.1ms)[0m  [1m[35mBEGIN[0m
  ↳ db/seeds.rb:89
  [1m[36mRendezvousType Create (0.4ms)[0m  [1m[32mINSERT INTO "rendezvous_types" ("name", "created_at", "updated_at") VALUES ($1, $2, $3) RETURNING "id"[0m  [["name", "Renaissance Fair"], ["created_at", "2019-07-16 18:44:54.126107"], ["updated_at", "2019-07-16 18:44:54.126107"]]
  ↳ db/seeds.rb:89
  [1m[35m (0.4ms)[0m  [1m[35mCOMMIT[0m
  ↳ db/seeds.rb:89
  [1m[35m (0.1ms)[0m  [1m[35mBEGIN[0m
  ↳ db/seeds.rb:90
  [1m[36mRendezvousType Create (0.4ms)[0m  [1m[32mINSERT INTO "rendezvous_types" ("name", "created_at", "updated_at") VALUES ($1, $2, $3) RETURNING "id"[0m  [["name", "Ice Skating"], ["created_at", "2019-07-16 18:44:54.128176"], ["updated_at", "2019-07-16 18:44:54.128176"]]
  ↳ db/seeds.rb:90
  [1m[35m (0.4ms)[0m  [1m[35mCOMMIT[0m
  ↳ db/seeds.rb:90
  [1m[35m (0.1ms)[0m  [1m[35mBEGIN[0m
  ↳ db/seeds.rb:91
  [1m[36mRendezvousType Create (0.4ms)[0m  [1m[32mINSERT INTO "rendezvous_types" ("name", "created_at", "updated_at") VALUES ($1, $2, $3) RETURNING "id"[0m  [["name", "Go to a Play"], ["created_at", "2019-07-16 18:44:54.130158"], ["updated_at", "2019-07-16 18:44:54.130158"]]
  ↳ db/seeds.rb:91
  [1m[35m (0.4ms)[0m  [1m[35mCOMMIT[0m
  ↳ db/seeds.rb:91
  [1m[35m (0.1ms)[0m  [1m[35mBEGIN[0m
  ↳ db/seeds.rb:92
  [1m[36mRendezvousType Create (0.3ms)[0m  [1m[32mINSERT INTO "rendezvous_types" ("name", "created_at", "updated_at") VALUES ($1, $2, $3) RETURNING "id"[0m  [["name", "Go to a Cndy Making Factory"], ["created_at", "2019-07-16 18:44:54.132268"], ["updated_at", "2019-07-16 18:44:54.132268"]]
  ↳ db/seeds.rb:92
  [1m[35m (0.4ms)[0m  [1m[35mCOMMIT[0m
  ↳ db/seeds.rb:92
  [1m[35m (0.1ms)[0m  [1m[35mBEGIN[0m
  ↳ db/seeds.rb:93
  [1m[36mRendezvousType Create (0.3ms)[0m  [1m[32mINSERT INTO "rendezvous_types" ("name", "created_at", "updated_at") VALUES ($1, $2, $3) RETURNING "id"[0m  [["name", "Go to a Food Festival"], ["created_at", "2019-07-16 18:44:54.134245"], ["updated_at", "2019-07-16 18:44:54.134245"]]
  ↳ db/seeds.rb:93
  [1m[35m (0.4ms)[0m  [1m[35mCOMMIT[0m
  ↳ db/seeds.rb:93
  [1m[35m (0.1ms)[0m  [1m[35mBEGIN[0m
  ↳ db/seeds.rb:94
  [1m[36mRendezvousType Create (0.4ms)[0m  [1m[32mINSERT INTO "rendezvous_types" ("name", "created_at", "updated_at") VALUES ($1, $2, $3) RETURNING "id"[0m  [["name", "Have a Barbecue"], ["created_at", "2019-07-16 18:44:54.136239"], ["updated_at", "2019-07-16 18:44:54.136239"]]
  ↳ db/seeds.rb:94
  [1m[35m (0.4ms)[0m  [1m[35mCOMMIT[0m
  ↳ db/seeds.rb:94
  [1m[35m (0.1ms)[0m  [1m[35mBEGIN[0m
  ↳ db/seeds.rb:95
  [1m[36mRendezvousType Create (0.4ms)[0m  [1m[32mINSERT INTO "rendezvous_types" ("name", "created_at", "updated_at") VALUES ($1, $2, $3) RETURNING "id"[0m  [["name", "Host a Dinner Party"], ["created_at", "2019-07-16 18:44:54.138281"], ["updated_at", "2019-07-16 18:44:54.138281"]]
  ↳ db/seeds.rb:95
  [1m[35m (0.4ms)[0m  [1m[35mCOMMIT[0m
  ↳ db/seeds.rb:95
  [1m[35m (0.1ms)[0m  [1m[35mBEGIN[0m
  ↳ db/seeds.rb:96
  [1m[36mRendezvousType Create (0.4ms)[0m  [1m[32mINSERT INTO "rendezvous_types" ("name", "created_at", "updated_at") VALUES ($1, $2, $3) RETURNING "id"[0m  [["name", "Make Ice Cream"], ["created_at", "2019-07-16 18:44:54.140303"], ["updated_at", "2019-07-16 18:44:54.140303"]]
  ↳ db/seeds.rb:96
  [1m[35m (0.5ms)[0m  [1m[35mCOMMIT[0m
  ↳ db/seeds.rb:96
  [1m[35m (0.1ms)[0m  [1m[35mBEGIN[0m
  ↳ db/seeds.rb:97
  [1m[36mRendezvousType Create (0.3ms)[0m  [1m[32mINSERT INTO "rendezvous_types" ("name", "created_at", "updated_at") VALUES ($1, $2, $3) RETURNING "id"[0m  [["name", "Go to Wildlife Reserve"], ["created_at", "2019-07-16 18:44:54.142394"], ["updated_at", "2019-07-16 18:44:54.142394"]]
  ↳ db/seeds.rb:97
  [1m[35m (0.5ms)[0m  [1m[35mCOMMIT[0m
  ↳ db/seeds.rb:97
  [1m[35m (0.1ms)[0m  [1m[35mBEGIN[0m
  ↳ db/seeds.rb:98
  [1m[36mRendezvousType Create (0.3ms)[0m  [1m[32mINSERT INTO "rendezvous_types" ("name", "created_at", "updated_at") VALUES ($1, $2, $3) RETURNING "id"[0m  [["name", "Go to a Science Center"], ["created_at", "2019-07-16 18:44:54.144509"], ["updated_at", "2019-07-16 18:44:54.144509"]]
  ↳ db/seeds.rb:98
  [1m[35m (0.5ms)[0m  [1m[35mCOMMIT[0m
  ↳ db/seeds.rb:98
  [1m[35m (0.1ms)[0m  [1m[35mBEGIN[0m
  ↳ db/seeds.rb:99
  [1m[36mRendezvousType Create (0.3ms)[0m  [1m[32mINSERT INTO "rendezvous_types" ("name", "created_at", "updated_at") VALUES ($1, $2, $3) RETURNING "id"[0m  [["name", "Go to a Ballet"], ["created_at", "2019-07-16 18:44:54.146522"], ["updated_at", "2019-07-16 18:44:54.146522"]]
  ↳ db/seeds.rb:99
  [1m[35m (0.4ms)[0m  [1m[35mCOMMIT[0m
  ↳ db/seeds.rb:99
  [1m[35m (0.1ms)[0m  [1m[35mBEGIN[0m
  ↳ db/seeds.rb:100
  [1m[36mRendezvousType Create (0.3ms)[0m  [1m[32mINSERT INTO "rendezvous_types" ("name", "created_at", "updated_at") VALUES ($1, $2, $3) RETURNING "id"[0m  [["name", "Go to the Circus"], ["created_at", "2019-07-16 18:44:54.148435"], ["updated_at", "2019-07-16 18:44:54.148435"]]
  ↳ db/seeds.rb:100
  [1m[35m (0.4ms)[0m  [1m[35mCOMMIT[0m
  ↳ db/seeds.rb:100
  [1m[35m (0.1ms)[0m  [1m[35mBEGIN[0m
  ↳ db/seeds.rb:101
  [1m[36mRendezvousType Create (0.4ms)[0m  [1m[32mINSERT INTO "rendezvous_types" ("name", "created_at", "updated_at") VALUES ($1, $2, $3) RETURNING "id"[0m  [["name", "Go to an Escape Room"], ["created_at", "2019-07-16 18:44:54.150359"], ["updated_at", "2019-07-16 18:44:54.150359"]]
  ↳ db/seeds.rb:101
  [1m[35m (0.4ms)[0m  [1m[35mCOMMIT[0m
  ↳ db/seeds.rb:101
  [1m[35m (0.1ms)[0m  [1m[35mBEGIN[0m
  ↳ db/seeds.rb:102
  [1m[36mRendezvousType Create (0.3ms)[0m  [1m[32mINSERT INTO "rendezvous_types" ("name", "created_at", "updated_at") VALUES ($1, $2, $3) RETURNING "id"[0m  [["name", "Make a Scrape Book"], ["created_at", "2019-07-16 18:44:54.152408"], ["updated_at", "2019-07-16 18:44:54.152408"]]
  ↳ db/seeds.rb:102
  [1m[35m (0.4ms)[0m  [1m[35mCOMMIT[0m
  ↳ db/seeds.rb:102
  [1m[35m (0.1ms)[0m  [1m[35mBEGIN[0m
  ↳ db/seeds.rb:103
  [1m[36mRendezvousType Create (0.4ms)[0m  [1m[32mINSERT INTO "rendezvous_types" ("name", "created_at", "updated_at") VALUES ($1, $2, $3) RETURNING "id"[0m  [["name", "Go watch Sports Game"], ["created_at", "2019-07-16 18:44:54.154495"], ["updated_at", "2019-07-16 18:44:54.154495"]]
  ↳ db/seeds.rb:103
  [1m[35m (0.4ms)[0m  [1m[35mCOMMIT[0m
  ↳ db/seeds.rb:103
  [1m[35m (0.1ms)[0m  [1m[35mBEGIN[0m
  ↳ db/seeds.rb:104
  [1m[36mRendezvousType Create (0.4ms)[0m  [1m[32mINSERT INTO "rendezvous_types" ("name", "created_at", "updated_at") VALUES ($1, $2, $3) RETURNING "id"[0m  [["name", "Go to Aquarium"], ["created_at", "2019-07-16 18:44:54.156802"], ["updated_at", "2019-07-16 18:44:54.156802"]]
  ↳ db/seeds.rb:104
  [1m[35m (0.5ms)[0m  [1m[35mCOMMIT[0m
  ↳ db/seeds.rb:104
  [1m[35m (0.1ms)[0m  [1m[35mBEGIN[0m
  ↳ db/seeds.rb:105
  [1m[36mRendezvousType Create (0.4ms)[0m  [1m[32mINSERT INTO "rendezvous_types" ("name", "created_at", "updated_at") VALUES ($1, $2, $3) RETURNING "id"[0m  [["name", "Trivia Night at Local Bar"], ["created_at", "2019-07-16 18:44:54.158932"], ["updated_at", "2019-07-16 18:44:54.158932"]]
  ↳ db/seeds.rb:105
  [1m[35m (0.5ms)[0m  [1m[35mCOMMIT[0m
  ↳ db/seeds.rb:105
  [1m[35m (0.1ms)[0m  [1m[35mBEGIN[0m
  ↳ db/seeds.rb:106
  [1m[36mRendezvousType Create (0.3ms)[0m  [1m[32mINSERT INTO "rendezvous_types" ("name", "created_at", "updated_at") VALUES ($1, $2, $3) RETURNING "id"[0m  [["name", "Visit Scenic Point"], ["created_at", "2019-07-16 18:44:54.161073"], ["updated_at", "2019-07-16 18:44:54.161073"]]
  ↳ db/seeds.rb:106
  [1m[35m (0.5ms)[0m  [1m[35mCOMMIT[0m
  ↳ db/seeds.rb:106
  [1m[35m (0.2ms)[0m  [1m[35mBEGIN[0m
  ↳ db/seeds.rb:107
  [1m[36mRendezvousType Create (0.4ms)[0m  [1m[32mINSERT INTO "rendezvous_types" ("name", "created_at", "updated_at") VALUES ($1, $2, $3) RETURNING "id"[0m  [["name", "Visit New Town"], ["created_at", "2019-07-16 18:44:54.163187"], ["updated_at", "2019-07-16 18:44:54.163187"]]
  ↳ db/seeds.rb:107
  [1m[35m (0.4ms)[0m  [1m[35mCOMMIT[0m
  ↳ db/seeds.rb:107
  [1m[35m (0.1ms)[0m  [1m[35mBEGIN[0m
  ↳ db/seeds.rb:108
  [1m[36mRendezvousType Create (0.5ms)[0m  [1m[32mINSERT INTO "rendezvous_types" ("name", "created_at", "updated_at") VALUES ($1, $2, $3) RETURNING "id"[0m  [["name", "Get Tattoes together"], ["created_at", "2019-07-16 18:44:54.165182"], ["updated_at", "2019-07-16 18:44:54.165182"]]
  ↳ db/seeds.rb:108
  [1m[35m (0.4ms)[0m  [1m[35mCOMMIT[0m
  ↳ db/seeds.rb:108
  [1m[35m (0.1ms)[0m  [1m[35mBEGIN[0m
  ↳ db/seeds.rb:109
  [1m[36mRendezvousType Create (0.4ms)[0m  [1m[32mINSERT INTO "rendezvous_types" ("name", "created_at", "updated_at") VALUES ($1, $2, $3) RETURNING "id"[0m  [["name", "Get Piercing Together"], ["created_at", "2019-07-16 18:44:54.167484"], ["updated_at", "2019-07-16 18:44:54.167484"]]
  ↳ db/seeds.rb:109
  [1m[35m (0.4ms)[0m  [1m[35mCOMMIT[0m
  ↳ db/seeds.rb:109
  [1m[35m (0.1ms)[0m  [1m[35mBEGIN[0m
  ↳ db/seeds.rb:110
  [1m[36mRendezvousType Create (0.4ms)[0m  [1m[32mINSERT INTO "rendezvous_types" ("name", "created_at", "updated_at") VALUES ($1, $2, $3) RETURNING "id"[0m  [["name", "Go Camping"], ["created_at", "2019-07-16 18:44:54.169518"], ["updated_at", "2019-07-16 18:44:54.169518"]]
  ↳ db/seeds.rb:110
  [1m[35m (0.5ms)[0m  [1m[35mCOMMIT[0m
  ↳ db/seeds.rb:110
  [1m[35m (0.1ms)[0m  [1m[35mBEGIN[0m
  ↳ db/seeds.rb:111
  [1m[36mRendezvousType Create (0.4ms)[0m  [1m[32mINSERT INTO "rendezvous_types" ("name", "created_at", "updated_at") VALUES ($1, $2, $3) RETURNING "id"[0m  [["name", "Go out on a Boat"], ["created_at", "2019-07-16 18:44:54.171645"], ["updated_at", "2019-07-16 18:44:54.171645"]]
  ↳ db/seeds.rb:111
  [1m[35m (0.4ms)[0m  [1m[35mCOMMIT[0m
  ↳ db/seeds.rb:111
  [1m[35m (0.1ms)[0m  [1m[35mBEGIN[0m
  ↳ db/seeds.rb:112
  [1m[36mRendezvousType Create (0.4ms)[0m  [1m[32mINSERT INTO "rendezvous_types" ("name", "created_at", "updated_at") VALUES ($1, $2, $3) RETURNING "id"[0m  [["name", "Go to the Beach"], ["created_at", "2019-07-16 18:44:54.173707"], ["updated_at", "2019-07-16 18:44:54.173707"]]
  ↳ db/seeds.rb:112
  [1m[35m (0.5ms)[0m  [1m[35mCOMMIT[0m
  ↳ db/seeds.rb:112
  [1m[35m (0.1ms)[0m  [1m[35mBEGIN[0m
  ↳ db/seeds.rb:113
  [1m[36mRendezvousType Create (0.4ms)[0m  [1m[32mINSERT INTO "rendezvous_types" ("name", "created_at", "updated_at") VALUES ($1, $2, $3) RETURNING "id"[0m  [["name", "Netflix and Chill"], ["created_at", "2019-07-16 18:44:54.175749"], ["updated_at", "2019-07-16 18:44:54.175749"]]
  ↳ db/seeds.rb:113
  [1m[35m (0.6ms)[0m  [1m[35mCOMMIT[0m
  ↳ db/seeds.rb:113
  [1m[35m (0.1ms)[0m  [1m[35mBEGIN[0m
  ↳ db/seeds.rb:114
  [1m[36mRendezvousType Create (0.4ms)[0m  [1m[32mINSERT INTO "rendezvous_types" ("name", "created_at", "updated_at") VALUES ($1, $2, $3) RETURNING "id"[0m  [["name", "Redo a Room"], ["created_at", "2019-07-16 18:44:54.178012"], ["updated_at", "2019-07-16 18:44:54.178012"]]
  ↳ db/seeds.rb:114
  [1m[35m (0.5ms)[0m  [1m[35mCOMMIT[0m
  ↳ db/seeds.rb:114
  [1m[35m (0.1ms)[0m  [1m[35mBEGIN[0m
  ↳ db/seeds.rb:115
  [1m[36mRendezvousType Create (0.3ms)[0m  [1m[32mINSERT INTO "rendezvous_types" ("name", "created_at", "updated_at") VALUES ($1, $2, $3) RETURNING "id"[0m  [["name", "Visit Farmers Market"], ["created_at", "2019-07-16 18:44:54.180065"], ["updated_at", "2019-07-16 18:44:54.180065"]]
  ↳ db/seeds.rb:115
  [1m[35m (0.5ms)[0m  [1m[35mCOMMIT[0m
  ↳ db/seeds.rb:115
  [1m[35m (0.1ms)[0m  [1m[35mBEGIN[0m
  ↳ db/seeds.rb:116
  [1m[36mRendezvousType Create (0.3ms)[0m  [1m[32mINSERT INTO "rendezvous_types" ("name", "created_at", "updated_at") VALUES ($1, $2, $3) RETURNING "id"[0m  [["name", "Jazz Club"], ["created_at", "2019-07-16 18:44:54.182056"], ["updated_at", "2019-07-16 18:44:54.182056"]]
  ↳ db/seeds.rb:116
  [1m[35m (11.1ms)[0m  [1m[35mCOMMIT[0m
  ↳ db/seeds.rb:116
  [1m[35m (0.2ms)[0m  [1m[35mBEGIN[0m
  ↳ db/seeds.rb:117
  [1m[36mRendezvousType Create (0.4ms)[0m  [1m[32mINSERT INTO "rendezvous_types" ("name", "created_at", "updated_at") VALUES ($1, $2, $3) RETURNING "id"[0m  [["name", "Take a Dance Class"], ["created_at", "2019-07-16 18:44:54.194993"], ["updated_at", "2019-07-16 18:44:54.194993"]]
  ↳ db/seeds.rb:117
  [1m[35m (0.5ms)[0m  [1m[35mCOMMIT[0m
  ↳ db/seeds.rb:117
  [1m[35m (0.1ms)[0m  [1m[35mBEGIN[0m
  ↳ db/seeds.rb:118
  [1m[36mRendezvousType Create (0.3ms)[0m  [1m[32mINSERT INTO "rendezvous_types" ("name", "created_at", "updated_at") VALUES ($1, $2, $3) RETURNING "id"[0m  [["name", "Go Dancing"], ["created_at", "2019-07-16 18:44:54.197290"], ["updated_at", "2019-07-16 18:44:54.197290"]]
  ↳ db/seeds.rb:118
  [1m[35m (0.5ms)[0m  [1m[35mCOMMIT[0m
  ↳ db/seeds.rb:118
  [1m[35m (0.1ms)[0m  [1m[35mBEGIN[0m
  ↳ db/seeds.rb:119
  [1m[36mRendezvousType Create (0.3ms)[0m  [1m[32mINSERT INTO "rendezvous_types" ("name", "created_at", "updated_at") VALUES ($1, $2, $3) RETURNING "id"[0m  [["name", "Play Pool"], ["created_at", "2019-07-16 18:44:54.199385"], ["updated_at", "2019-07-16 18:44:54.199385"]]
  ↳ db/seeds.rb:119
  [1m[35m (0.6ms)[0m  [1m[35mCOMMIT[0m
  ↳ db/seeds.rb:119
  [1m[35m (0.1ms)[0m  [1m[35mBEGIN[0m
  ↳ db/seeds.rb:120
  [1m[36mRendezvousType Create (0.4ms)[0m  [1m[32mINSERT INTO "rendezvous_types" ("name", "created_at", "updated_at") VALUES ($1, $2, $3) RETURNING "id"[0m  [["name", "Weekend Trip"], ["created_at", "2019-07-16 18:44:54.201696"], ["updated_at", "2019-07-16 18:44:54.201696"]]
  ↳ db/seeds.rb:120
  [1m[35m (0.5ms)[0m  [1m[35mCOMMIT[0m
  ↳ db/seeds.rb:120
  [1m[35m (0.1ms)[0m  [1m[35mBEGIN[0m
  ↳ db/seeds.rb:121
  [1m[36mRendezvousType Create (0.3ms)[0m  [1m[32mINSERT INTO "rendezvous_types" ("name", "created_at", "updated_at") VALUES ($1, $2, $3) RETURNING "id"[0m  [["name", "Go have Brunch"], ["created_at", "2019-07-16 18:44:54.203900"], ["updated_at", "2019-07-16 18:44:54.203900"]]
  ↳ db/seeds.rb:121
  [1m[35m (0.5ms)[0m  [1m[35mCOMMIT[0m
  ↳ db/seeds.rb:121
  [1m[35m (0.1ms)[0m  [1m[35mBEGIN[0m
  ↳ db/seeds.rb:122
  [1m[36mRendezvousType Create (0.4ms)[0m  [1m[32mINSERT INTO "rendezvous_types" ("name", "created_at", "updated_at") VALUES ($1, $2, $3) RETURNING "id"[0m  [["name", "Birdwatching"], ["created_at", "2019-07-16 18:44:54.205975"], ["updated_at", "2019-07-16 18:44:54.205975"]]
  ↳ db/seeds.rb:122
  [1m[35m (0.5ms)[0m  [1m[35mCOMMIT[0m
  ↳ db/seeds.rb:122
  [1m[35m (0.1ms)[0m  [1m[35mBEGIN[0m
  ↳ db/seeds.rb:123
  [1m[36mRendezvousType Create (0.3ms)[0m  [1m[32mINSERT INTO "rendezvous_types" ("name", "created_at", "updated_at") VALUES ($1, $2, $3) RETURNING "id"[0m  [["name", "Take Improv Class"], ["created_at", "2019-07-16 18:44:54.208063"], ["updated_at", "2019-07-16 18:44:54.208063"]]
  ↳ db/seeds.rb:123
  [1m[35m (0.4ms)[0m  [1m[35mCOMMIT[0m
  ↳ db/seeds.rb:123
  [1m[35m (0.1ms)[0m  [1m[35mBEGIN[0m
  ↳ db/seeds.rb:124
  [1m[36mRendezvousType Create (0.4ms)[0m  [1m[32mINSERT INTO "rendezvous_types" ("name", "created_at", "updated_at") VALUES ($1, $2, $3) RETURNING "id"[0m  [["name", "Brewery Tour"], ["created_at", "2019-07-16 18:44:54.210009"], ["updated_at", "2019-07-16 18:44:54.210009"]]
  ↳ db/seeds.rb:124
  [1m[35m (0.4ms)[0m  [1m[35mCOMMIT[0m
  ↳ db/seeds.rb:124
  [1m[35m (0.1ms)[0m  [1m[35mBEGIN[0m
  ↳ db/seeds.rb:125
  [1m[36mRendezvousType Create (0.3ms)[0m  [1m[32mINSERT INTO "rendezvous_types" ("name", "created_at", "updated_at") VALUES ($1, $2, $3) RETURNING "id"[0m  [["name", "Winery Tour"], ["created_at", "2019-07-16 18:44:54.211973"], ["updated_at", "2019-07-16 18:44:54.211973"]]
  ↳ db/seeds.rb:125
  [1m[35m (0.4ms)[0m  [1m[35mCOMMIT[0m
  ↳ db/seeds.rb:125
  [1m[35m (0.1ms)[0m  [1m[35mBEGIN[0m
  ↳ db/seeds.rb:126
  [1m[36mRendezvousType Create (0.4ms)[0m  [1m[32mINSERT INTO "rendezvous_types" ("name", "created_at", "updated_at") VALUES ($1, $2, $3) RETURNING "id"[0m  [["name", "Go to a Drive-in"], ["created_at", "2019-07-16 18:44:54.213895"], ["updated_at", "2019-07-16 18:44:54.213895"]]
  ↳ db/seeds.rb:126
  [1m[35m (0.4ms)[0m  [1m[35mCOMMIT[0m
  ↳ db/seeds.rb:126
  [1m[35m (0.1ms)[0m  [1m[35mBEGIN[0m
  ↳ db/seeds.rb:127
  [1m[36mRendezvousType Create (0.4ms)[0m  [1m[32mINSERT INTO "rendezvous_types" ("name", "created_at", "updated_at") VALUES ($1, $2, $3) RETURNING "id"[0m  [["name", "Brew your own Beer together"], ["created_at", "2019-07-16 18:44:54.216104"], ["updated_at", "2019-07-16 18:44:54.216104"]]
  ↳ db/seeds.rb:127
  [1m[35m (0.5ms)[0m  [1m[35mCOMMIT[0m
  ↳ db/seeds.rb:127
  [1m[35m (0.1ms)[0m  [1m[35mBEGIN[0m
  ↳ db/seeds.rb:128
  [1m[36mRendezvousType Create (0.3ms)[0m  [1m[32mINSERT INTO "rendezvous_types" ("name", "created_at", "updated_at") VALUES ($1, $2, $3) RETURNING "id"[0m  [["name", "Go to the Club"], ["created_at", "2019-07-16 18:44:54.218276"], ["updated_at", "2019-07-16 18:44:54.218276"]]
  ↳ db/seeds.rb:128
  [1m[35m (0.5ms)[0m  [1m[35mCOMMIT[0m
  ↳ db/seeds.rb:128
  [1m[35m (0.1ms)[0m  [1m[35mBEGIN[0m
  ↳ db/seeds.rb:129
  [1m[36mRendezvousType Create (0.3ms)[0m  [1m[32mINSERT INTO "rendezvous_types" ("name", "created_at", "updated_at") VALUES ($1, $2, $3) RETURNING "id"[0m  [["name", "Bungie Jumping"], ["created_at", "2019-07-16 18:44:54.220306"], ["updated_at", "2019-07-16 18:44:54.220306"]]
  ↳ db/seeds.rb:129
  [1m[35m (0.4ms)[0m  [1m[35mCOMMIT[0m
  ↳ db/seeds.rb:129
  [1m[35m (0.1ms)[0m  [1m[35mBEGIN[0m
  ↳ db/seeds.rb:130
  [1m[36mRendezvousType Create (0.4ms)[0m  [1m[32mINSERT INTO "rendezvous_types" ("name", "created_at", "updated_at") VALUES ($1, $2, $3) RETURNING "id"[0m  [["name", "Sky Diving"], ["created_at", "2019-07-16 18:44:54.222278"], ["updated_at", "2019-07-16 18:44:54.222278"]]
  ↳ db/seeds.rb:130
  [1m[35m (0.5ms)[0m  [1m[35mCOMMIT[0m
  ↳ db/seeds.rb:130
  [1m[35m (0.1ms)[0m  [1m[35mBEGIN[0m
  ↳ db/seeds.rb:131
  [1m[36mRendezvousType Create (1.5ms)[0m  [1m[32mINSERT INTO "rendezvous_types" ("name", "created_at", "updated_at") VALUES ($1, $2, $3) RETURNING "id"[0m  [["name", "Wiskey Tasting"], ["created_at", "2019-07-16 18:44:54.224601"], ["updated_at", "2019-07-16 18:44:54.224601"]]
  ↳ db/seeds.rb:131
  [1m[35m (0.5ms)[0m  [1m[35mCOMMIT[0m
  ↳ db/seeds.rb:131
  [1m[35m (0.1ms)[0m  [1m[35mBEGIN[0m
  ↳ db/seeds.rb:132
  [1m[36mRendezvousType Create (0.4ms)[0m  [1m[32mINSERT INTO "rendezvous_types" ("name", "created_at", "updated_at") VALUES ($1, $2, $3) RETURNING "id"[0m  [["name", "Mud Run/ Color Run"], ["created_at", "2019-07-16 18:44:54.227950"], ["updated_at", "2019-07-16 18:44:54.227950"]]
  ↳ db/seeds.rb:132
  [1m[35m (0.5ms)[0m  [1m[35mCOMMIT[0m
  ↳ db/seeds.rb:132
  [1m[35m (0.1ms)[0m  [1m[35mBEGIN[0m
  ↳ db/seeds.rb:133
  [1m[36mRendezvousType Create (0.3ms)[0m  [1m[32mINSERT INTO "rendezvous_types" ("name", "created_at", "updated_at") VALUES ($1, $2, $3) RETURNING "id"[0m  [["name", "Spa Day"], ["created_at", "2019-07-16 18:44:54.230118"], ["updated_at", "2019-07-16 18:44:54.230118"]]
  ↳ db/seeds.rb:133
  [1m[35m (0.4ms)[0m  [1m[35mCOMMIT[0m
  ↳ db/seeds.rb:133
  [1m[35m (0.1ms)[0m  [1m[35mBEGIN[0m
  ↳ db/seeds.rb:134
  [1m[36mRendezvousType Create (0.4ms)[0m  [1m[32mINSERT INTO "rendezvous_types" ("name", "created_at", "updated_at") VALUES ($1, $2, $3) RETURNING "id"[0m  [["name", "Go to a Open House"], ["created_at", "2019-07-16 18:44:54.232065"], ["updated_at", "2019-07-16 18:44:54.232065"]]
  ↳ db/seeds.rb:134
  [1m[35m (0.4ms)[0m  [1m[35mCOMMIT[0m
  ↳ db/seeds.rb:134
  [1m[35m (0.1ms)[0m  [1m[35mBEGIN[0m
  ↳ db/seeds.rb:135
  [1m[36mRendezvousType Create (0.4ms)[0m  [1m[32mINSERT INTO "rendezvous_types" ("name", "created_at", "updated_at") VALUES ($1, $2, $3) RETURNING "id"[0m  [["name", "Rock Climbing"], ["created_at", "2019-07-16 18:44:54.234039"], ["updated_at", "2019-07-16 18:44:54.234039"]]
  ↳ db/seeds.rb:135
  [1m[35m (0.5ms)[0m  [1m[35mCOMMIT[0m
  ↳ db/seeds.rb:135
  [1m[35m (0.1ms)[0m  [1m[35mBEGIN[0m
  ↳ db/seeds.rb:136
  [1m[36mRendezvousType Create (0.3ms)[0m  [1m[32mINSERT INTO "rendezvous_types" ("name", "created_at", "updated_at") VALUES ($1, $2, $3) RETURNING "id"[0m  [["name", "Snowboarding/ Ski trip"], ["created_at", "2019-07-16 18:44:54.236087"], ["updated_at", "2019-07-16 18:44:54.236087"]]
  ↳ db/seeds.rb:136
  [1m[35m (0.5ms)[0m  [1m[35mCOMMIT[0m
  ↳ db/seeds.rb:136
  [1m[35m (0.2ms)[0m  [1m[35mBEGIN[0m
  ↳ db/seeds.rb:137
  [1m[36mRendezvousType Create (0.8ms)[0m  [1m[32mINSERT INTO "rendezvous_types" ("name", "created_at", "updated_at") VALUES ($1, $2, $3) RETURNING "id"[0m  [["name", "Go to a Five Star Restraunt"], ["created_at", "2019-07-16 18:44:54.239098"], ["updated_at", "2019-07-16 18:44:54.239098"]]
  ↳ db/seeds.rb:137
  [1m[35m (0.5ms)[0m  [1m[35mCOMMIT[0m
  ↳ db/seeds.rb:137
  [1m[35m (0.1ms)[0m  [1m[35mBEGIN[0m
  ↳ db/seeds.rb:138
  [1m[36mRendezvousType Create (0.4ms)[0m  [1m[32mINSERT INTO "rendezvous_types" ("name", "created_at", "updated_at") VALUES ($1, $2, $3) RETURNING "id"[0m  [["name", "Visit a Local Restraunt"], ["created_at", "2019-07-16 18:44:54.243319"], ["updated_at", "2019-07-16 18:44:54.243319"]]
  ↳ db/seeds.rb:138
  [1m[35m (0.5ms)[0m  [1m[35mCOMMIT[0m
  ↳ db/seeds.rb:138
  [1m[35m (0.2ms)[0m  [1m[35mBEGIN[0m
  ↳ db/seeds.rb:139
  [1m[36mRendezvousType Create (0.6ms)[0m  [1m[32mINSERT INTO "rendezvous_types" ("name", "created_at", "updated_at") VALUES ($1, $2, $3) RETURNING "id"[0m  [["name", "Go to a Zipline"], ["created_at", "2019-07-16 18:44:54.246267"], ["updated_at", "2019-07-16 18:44:54.246267"]]
  ↳ db/seeds.rb:139
  [1m[35m (0.5ms)[0m  [1m[35mCOMMIT[0m
  ↳ db/seeds.rb:139
  [1m[35m (0.4ms)[0m  [1m[34mSELECT pg_try_advisory_lock(872311076106422505)[0m
  ↳ /Users/johnhill/.rvm/rubies/ruby-2.6.1/lib/ruby/gems/2.6.0/gems/rake-12.3.2/lib/rake/task.rb:273
  [1m[35m (1.4ms)[0m  [1m[34mSELECT "schema_migrations"."version" FROM "schema_migrations" ORDER BY "schema_migrations"."version" ASC[0m
  ↳ /Users/johnhill/.rvm/rubies/ruby-2.6.1/lib/ruby/gems/2.6.0/gems/rake-12.3.2/lib/rake/task.rb:273
Migrating to CreateChangeSignificantOtherColumnNames (20190717142432)
  [1m[35m (2.0ms)[0m  [1m[35mBEGIN[0m
  ↳ /Users/johnhill/.rvm/rubies/ruby-2.6.1/lib/ruby/gems/2.6.0/gems/rake-12.3.2/lib/rake/task.rb:273
  [1m[35m (353.3ms)[0m  [1m[35mALTER TABLE "significant_other" RENAME COLUMN "user_id" TO "follower_id"[0m
  ↳ db/migrate/20190717142432_create_change_significant_other_column_names.rb:3
  [1m[35m (0.4ms)[0m  [1m[31mROLLBACK[0m
  ↳ /Users/johnhill/.rvm/rubies/ruby-2.6.1/lib/ruby/gems/2.6.0/gems/rake-12.3.2/lib/rake/task.rb:273
  [1m[35m (0.7ms)[0m  [1m[34mSELECT pg_advisory_unlock(872311076106422505)[0m
  ↳ /Users/johnhill/.rvm/rubies/ruby-2.6.1/lib/ruby/gems/2.6.0/gems/rake-12.3.2/lib/rake/task.rb:273
  [1m[35m (0.4ms)[0m  [1m[34mSELECT pg_try_advisory_lock(872311076106422505)[0m
  ↳ /Users/johnhill/.rvm/rubies/ruby-2.6.1/lib/ruby/gems/2.6.0/gems/rake-12.3.2/lib/rake/task.rb:273
  [1m[35m (1.6ms)[0m  [1m[34mSELECT "schema_migrations"."version" FROM "schema_migrations" ORDER BY "schema_migrations"."version" ASC[0m
  ↳ /Users/johnhill/.rvm/rubies/ruby-2.6.1/lib/ruby/gems/2.6.0/gems/rake-12.3.2/lib/rake/task.rb:273
Migrating to CreateChangeSignificantOtherColumnNames (20190717142432)
  [1m[35m (0.2ms)[0m  [1m[35mBEGIN[0m
  ↳ /Users/johnhill/.rvm/rubies/ruby-2.6.1/lib/ruby/gems/2.6.0/gems/rake-12.3.2/lib/rake/task.rb:273
  [1m[35m (41.2ms)[0m  [1m[35mALTER TABLE "significant_others" RENAME COLUMN "user_id" TO "follower_id"[0m
  ↳ db/migrate/20190717142432_create_change_significant_other_column_names.rb:3
  [1m[35m (45.9ms)[0m  [1m[35mALTER TABLE "significant_others" ADD "user_id" followee_id[0m
  ↳ db/migrate/20190717142432_create_change_significant_other_column_names.rb:4
  [1m[35m (0.2ms)[0m  [1m[31mROLLBACK[0m
  ↳ /Users/johnhill/.rvm/rubies/ruby-2.6.1/lib/ruby/gems/2.6.0/gems/rake-12.3.2/lib/rake/task.rb:273
  [1m[35m (0.3ms)[0m  [1m[34mSELECT pg_advisory_unlock(872311076106422505)[0m
  ↳ /Users/johnhill/.rvm/rubies/ruby-2.6.1/lib/ruby/gems/2.6.0/gems/rake-12.3.2/lib/rake/task.rb:273
  [1m[35m (0.3ms)[0m  [1m[34mSELECT pg_try_advisory_lock(872311076106422505)[0m
  ↳ /Users/johnhill/.rvm/rubies/ruby-2.6.1/lib/ruby/gems/2.6.0/gems/rake-12.3.2/lib/rake/task.rb:273
  [1m[35m (1.7ms)[0m  [1m[34mSELECT "schema_migrations"."version" FROM "schema_migrations" ORDER BY "schema_migrations"."version" ASC[0m
  ↳ /Users/johnhill/.rvm/rubies/ruby-2.6.1/lib/ruby/gems/2.6.0/gems/rake-12.3.2/lib/rake/task.rb:273
Migrating to CreateChangeSignificantOtherColumnNames (20190717142432)
  [1m[35m (0.3ms)[0m  [1m[35mBEGIN[0m
  ↳ /Users/johnhill/.rvm/rubies/ruby-2.6.1/lib/ruby/gems/2.6.0/gems/rake-12.3.2/lib/rake/task.rb:273
  [1m[35m (1.0ms)[0m  [1m[35mALTER TABLE "significant_others" RENAME COLUMN "user_id" TO "follower_id"[0m
  ↳ db/migrate/20190717142432_create_change_significant_other_column_names.rb:3
  [1m[35m (115.0ms)[0m  [1m[35mALTER TABLE "significant_others" ADD "followee_id" integer[0m
  ↳ db/migrate/20190717142432_create_change_significant_other_column_names.rb:4
  [1m[36mActiveRecord::SchemaMigration Create (0.6ms)[0m  [1m[32mINSERT INTO "schema_migrations" ("version") VALUES ($1) RETURNING "version"[0m  [["version", "20190717142432"]]
  ↳ /Users/johnhill/.rvm/rubies/ruby-2.6.1/lib/ruby/gems/2.6.0/gems/rake-12.3.2/lib/rake/task.rb:273
  [1m[35m (0.7ms)[0m  [1m[35mCOMMIT[0m
  ↳ /Users/johnhill/.rvm/rubies/ruby-2.6.1/lib/ruby/gems/2.6.0/gems/rake-12.3.2/lib/rake/task.rb:273
  [1m[36mActiveRecord::InternalMetadata Load (46.8ms)[0m  [1m[34mSELECT  "ar_internal_metadata".* FROM "ar_internal_metadata" WHERE "ar_internal_metadata"."key" = $1 LIMIT $2[0m  [["key", "environment"], ["LIMIT", 1]]
  ↳ /Users/johnhill/.rvm/rubies/ruby-2.6.1/lib/ruby/gems/2.6.0/gems/rake-12.3.2/lib/rake/task.rb:273
  [1m[35m (0.3ms)[0m  [1m[35mBEGIN[0m
  ↳ /Users/johnhill/.rvm/rubies/ruby-2.6.1/lib/ruby/gems/2.6.0/gems/rake-12.3.2/lib/rake/task.rb:273
  [1m[35m (0.3ms)[0m  [1m[35mCOMMIT[0m
  ↳ /Users/johnhill/.rvm/rubies/ruby-2.6.1/lib/ruby/gems/2.6.0/gems/rake-12.3.2/lib/rake/task.rb:273
  [1m[35m (0.4ms)[0m  [1m[34mSELECT pg_advisory_unlock(872311076106422505)[0m
  ↳ /Users/johnhill/.rvm/rubies/ruby-2.6.1/lib/ruby/gems/2.6.0/gems/rake-12.3.2/lib/rake/task.rb:273
  [1m[35m (0.4ms)[0m  [1m[34mSELECT "schema_migrations"."version" FROM "schema_migrations" ORDER BY "schema_migrations"."version" ASC[0m
  ↳ /Users/johnhill/.rvm/rubies/ruby-2.6.1/lib/ruby/gems/2.6.0/gems/rake-12.3.2/lib/rake/task.rb:273
  [1m[35m (0.4ms)[0m  [1m[34mSELECT pg_try_advisory_lock(872311076106422505)[0m
  ↳ /Users/johnhill/.rvm/rubies/ruby-2.6.1/lib/ruby/gems/2.6.0/gems/rake-12.3.2/lib/rake/task.rb:273
  [1m[35m (168.6ms)[0m  [1m[34mSELECT "schema_migrations"."version" FROM "schema_migrations" ORDER BY "schema_migrations"."version" ASC[0m
  ↳ /Users/johnhill/.rvm/rubies/ruby-2.6.1/lib/ruby/gems/2.6.0/gems/rake-12.3.2/lib/rake/task.rb:273
Migrating to CreateAddBabysitterToRendzous (20190717154503)
  [1m[35m (0.2ms)[0m  [1m[35mBEGIN[0m
  ↳ /Users/johnhill/.rvm/rubies/ruby-2.6.1/lib/ruby/gems/2.6.0/gems/rake-12.3.2/lib/rake/task.rb:273
  [1m[35m (91.1ms)[0m  [1m[35mALTER TABLE "rendezvous" ADD "babysitter" boolean[0m
  ↳ db/migrate/20190717154503_create_add_babysitter_to_rendzous.rb:3
  [1m[36mActiveRecord::SchemaMigration Create (0.6ms)[0m  [1m[32mINSERT INTO "schema_migrations" ("version") VALUES ($1) RETURNING "version"[0m  [["version", "20190717154503"]]
  ↳ /Users/johnhill/.rvm/rubies/ruby-2.6.1/lib/ruby/gems/2.6.0/gems/rake-12.3.2/lib/rake/task.rb:273
  [1m[35m (16.8ms)[0m  [1m[35mCOMMIT[0m
  ↳ /Users/johnhill/.rvm/rubies/ruby-2.6.1/lib/ruby/gems/2.6.0/gems/rake-12.3.2/lib/rake/task.rb:273
  [1m[36mActiveRecord::InternalMetadata Load (55.3ms)[0m  [1m[34mSELECT  "ar_internal_metadata".* FROM "ar_internal_metadata" WHERE "ar_internal_metadata"."key" = $1 LIMIT $2[0m  [["key", "environment"], ["LIMIT", 1]]
  ↳ /Users/johnhill/.rvm/rubies/ruby-2.6.1/lib/ruby/gems/2.6.0/gems/rake-12.3.2/lib/rake/task.rb:273
  [1m[35m (0.2ms)[0m  [1m[35mBEGIN[0m
  ↳ /Users/johnhill/.rvm/rubies/ruby-2.6.1/lib/ruby/gems/2.6.0/gems/rake-12.3.2/lib/rake/task.rb:273
  [1m[35m (0.2ms)[0m  [1m[35mCOMMIT[0m
  ↳ /Users/johnhill/.rvm/rubies/ruby-2.6.1/lib/ruby/gems/2.6.0/gems/rake-12.3.2/lib/rake/task.rb:273
  [1m[35m (0.4ms)[0m  [1m[34mSELECT pg_advisory_unlock(872311076106422505)[0m
  ↳ /Users/johnhill/.rvm/rubies/ruby-2.6.1/lib/ruby/gems/2.6.0/gems/rake-12.3.2/lib/rake/task.rb:273
  [1m[35m (0.4ms)[0m  [1m[34mSELECT "schema_migrations"."version" FROM "schema_migrations" ORDER BY "schema_migrations"."version" ASC[0m
  ↳ /Users/johnhill/.rvm/rubies/ruby-2.6.1/lib/ruby/gems/2.6.0/gems/rake-12.3.2/lib/rake/task.rb:273
Started GET "/" for ::1 at 2019-07-17 17:43:02 -0400
Started GET "/" for ::1 at 2019-07-17 17:43:04 -0400
  [1m[35m (19.5ms)[0m  [1m[34mSELECT "schema_migrations"."version" FROM "schema_migrations" ORDER BY "schema_migrations"."version" ASC[0m
  ↳ /Users/johnhill/.rvm/gems/ruby-2.6.1/gems/activerecord-5.2.3/lib/active_record/log_subscriber.rb:98
  [1m[35m (55.7ms)[0m  [1m[34mSELECT "schema_migrations"."version" FROM "schema_migrations" ORDER BY "schema_migrations"."version" ASC[0m
  ↳ /Users/johnhill/.rvm/gems/ruby-2.6.1/gems/activerecord-5.2.3/lib/active_record/log_subscriber.rb:98
